[00:00:15] [Server thread/WARN]: Can't keep up! Did the system time change, or is the server overloaded? Running 16579ms behind, skipping 331 tick(s)
[00:00:16] [Client thread/WARN]: Unable to play unknown soundEvent: minecraft:mob.guardian.attack
[00:00:16] [Server thread/INFO]: Saving and pausing game...
[00:00:16] [Server thread/INFO]: Saving chunks for level 'New World'/Overworld
[00:00:16] [Server thread/INFO]: Saving chunks for level 'New World'/Nether
[00:00:16] [Server thread/INFO]: Saving chunks for level 'New World'/The End
[00:00:18] [Client thread/WARN]: Unable to play unknown soundEvent: minecraft:gui.button.press
[00:00:18] [Client thread/WARN]: Unable to play unknown soundEvent: minecraft:mob.guardian.attack
[00:00:19] [Client thread/WARN]: Unable to play unknown soundEvent: minecraft:mob.sheep.say
[00:00:20] [Client thread/WARN]: Unable to play unknown soundEvent: minecraft:mob.guardian.attack
[00:00:20] [Client thread/WARN]: Unable to play unknown soundEvent: minecraft:mob.sheep.say
[00:00:22] [Client thread/WARN]: Unable to play unknown soundEvent: minecraft:dig.grass
[00:00:22] [Client thread/WARN]: Unable to play unknown soundEvent: minecraft:mob.sheep.step
[00:00:23] [Client thread/WARN]: Unable to play unknown soundEvent: minecraft:mob.guardian.attack
[00:00:23] [Client thread/WARN]: Unable to play unknown soundEvent: minecraft:mob.sheep.step
[00:00:23] [Client thread/WARN]: Unable to play unknown soundEvent: minecraft:mob.sheep.step
[00:00:24] [Client thread/WARN]: Unable to play unknown soundEvent: minecraft:mob.sheep.step
[00:00:24] [Client thread/WARN]: Unable to play unknown soundEvent: minecraft:mob.guardian.attack
[00:00:25] [Client thread/WARN]: Unable to play unknown soundEvent: minecraft:mob.sheep.step
[00:00:25] [Client thread/WARN]: Unable to play unknown soundEvent: minecraft:mob.guardian.attack
[00:00:25] [Client thread/WARN]: Unable to play unknown soundEvent: minecraft:mob.sheep.say
[00:00:25] [Client thread/WARN]: Unable to play unknown soundEvent: minecraft:mob.sheep.say
[00:00:26] [Client thread/WARN]: Unable to play unknown soundEvent: minecraft:dig.grass
[00:00:28] [Client thread/WARN]: Unable to play unknown soundEvent: minecraft:mob.sheep.step
[00:00:28] [Client thread/WARN]: Unable to play unknown soundEvent: minecraft:mob.sheep.say
[00:00:28] [Client thread/WARN]: Unable to play unknown soundEvent: minecraft:mob.sheep.step
[00:00:29] [Client thread/WARN]: Unable to play unknown soundEvent: minecraft:mob.sheep.step
[00:00:30] [Client thread/WARN]: Unable to play unknown soundEvent: minecraft:mob.sheep.step
[00:00:30] [Client thread/WARN]: Unable to play unknown soundEvent: minecraft:mob.sheep.step
[00:00:30] [Client thread/WARN]: Unable to play unknown soundEvent: minecraft:mob.sheep.step
[00:00:31] [Client thread/WARN]: Unable to play unknown soundEvent: minecraft:mob.sheep.step
[00:00:31] [Client thread/WARN]: Unable to play unknown soundEvent: minecraft:mob.guardian.attack
[00:00:31] [Client thread/WARN]: Unable to play unknown soundEvent: minecraft:mob.sheep.say
[00:00:31] [Client thread/WARN]: Unable to play unknown soundEvent: minecraft:mob.sheep.step
[00:00:32] [Client thread/WARN]: Unable to play unknown soundEvent: minecraft:mob.sheep.step
[00:00:32] [Client thread/WARN]: Unable to play unknown soundEvent: minecraft:mob.sheep.say
[00:00:33] [Client thread/WARN]: Unable to play unknown soundEvent: minecraft:mob.sheep.step
[00:00:33] [Client thread/WARN]: Unable to play unknown soundEvent: minecraft:mob.sheep.step
[00:00:33] [Client thread/WARN]: Unable to play unknown soundEvent: minecraft:mob.sheep.step
[00:00:34] [Client thread/WARN]: Unable to play unknown soundEvent: minecraft:mob.sheep.step
[00:00:34] [Client thread/WARN]: Unable to play unknown soundEvent: minecraft:mob.sheep.say
[00:00:34] [Client thread/WARN]: Unable to play unknown soundEvent: minecraft:mob.sheep.step
[00:00:34] [Client thread/WARN]: Unable to play unknown soundEvent: minecraft:mob.sheep.say
[00:00:35] [Client thread/WARN]: Unable to play unknown soundEvent: minecraft:mob.sheep.step
[00:00:36] [Client thread/WARN]: Unable to play unknown soundEvent: minecraft:mob.sheep.step
[00:00:39] [Client thread/WARN]: Unable to play unknown soundEvent: minecraft:mob.sheep.say
[00:00:40] [Client thread/WARN]: Unable to play unknown soundEvent: minecraft:mob.bat.takeoff
[00:00:41] [Client thread/WARN]: Unable to play unknown soundEvent: minecraft:mob.sheep.say
[00:00:42] [Client thread/WARN]: Unable to play unknown soundEvent: minecraft:mob.sheep.say
[00:00:47] [Client thread/WARN]: Unable to play unknown soundEvent: minecraft:mob.sheep.say
[00:00:49] [Client thread/WARN]: Unable to play unknown soundEvent: minecraft:mob.sheep.say
[00:00:49] [Client thread/WARN]: Unable to play unknown soundEvent: minecraft:mob.sheep.say
[00:00:55] [Client thread/WARN]: Unable to play unknown soundEvent: minecraft:dig.grass
[00:00:55] [Client thread/WARN]: Unable to play unknown soundEvent: minecraft:mob.guardian.attack
[00:00:55] [Client thread/WARN]: Unable to play unknown soundEvent: minecraft:mob.sheep.say
[00:00:58] [Client thread/WARN]: Unable to play unknown soundEvent: minecraft:mob.sheep.say
[00:00:59] [Client thread/WARN]: Unable to play unknown soundEvent: minecraft:step.gravel
[00:01:00] [Client thread/WARN]: Unable to play unknown soundEvent: minecraft:step.gravel
[00:01:00] [Client thread/WARN]: Unable to play unknown soundEvent: minecraft:random.pop
[00:01:01] [Client thread/WARN]: Unable to play unknown soundEvent: minecraft:minecart.base
[00:01:01] [Client thread/WARN]: Unable to play unknown soundEvent: minecraft:mob.sheep.step
[00:01:02] [Client thread/WARN]: Unable to play unknown soundEvent: minecraft:mob.sheep.step
[00:01:02] [Client thread/WARN]: Unable to play unknown soundEvent: minecraft:step.gravel
[00:01:03] [Client thread/WARN]: Unable to play unknown soundEvent: minecraft:mob.sheep.step
[00:01:04] [Client thread/WARN]: Unable to play unknown soundEvent: minecraft:mob.sheep.step
[00:01:04] [Client thread/WARN]: Unable to play unknown soundEvent: minecraft:mob.sheep.say
[00:01:04] [Client thread/WARN]: Unable to play unknown soundEvent: minecraft:mob.sheep.say
[00:01:05] [Client thread/WARN]: Unable to play unknown soundEvent: minecraft:mob.sheep.step
[00:01:05] [Client thread/WARN]: Unable to play unknown soundEvent: minecraft:mob.sheep.say
[00:01:06] [Client thread/WARN]: Unable to play unknown soundEvent: minecraft:mob.sheep.step
[00:01:10] [Client thread/WARN]: Unable to play unknown soundEvent: minecraft:mob.sheep.step
[00:01:11] [Client thread/WARN]: Unable to play unknown soundEvent: minecraft:mob.sheep.step
[00:01:11] [Client thread/WARN]: Unable to play unknown soundEvent: minecraft:mob.sheep.step
[00:01:11] [Client thread/WARN]: Unable to play unknown soundEvent: minecraft:mob.sheep.say
[00:01:11] [Client thread/WARN]: Unable to play unknown soundEvent: minecraft:mob.sheep.step
[00:01:11] [Client thread/WARN]: Unable to play unknown soundEvent: minecraft:mob.sheep.step
[00:01:12] [Client thread/WARN]: Unable to play unknown soundEvent: minecraft:mob.sheep.step
[00:01:12] [Client thread/WARN]: Unable to play unknown soundEvent: minecraft:mob.sheep.step
[00:01:13] [Client thread/WARN]: Unable to play unknown soundEvent: minecraft:mob.sheep.step
[00:01:13] [Client thread/WARN]: Unable to play unknown soundEvent: minecraft:mob.sheep.step
[00:01:13] [Client thread/WARN]: Unable to play unknown soundEvent: minecraft:mob.sheep.step
[00:01:14] [Client thread/WARN]: Unable to play unknown soundEvent: minecraft:mob.sheep.say
[00:01:17] [Client thread/WARN]: Unable to play unknown soundEvent: minecraft:mob.sheep.say
[00:01:18] [Client thread/WARN]: Unable to play unknown soundEvent: minecraft:minecart.base
[00:01:18] [Client thread/WARN]: Unable to play unknown soundEvent: minecraft:step.gravel
[00:01:19] [Client thread/WARN]: Unable to play unknown soundEvent: minecraft:step.gravel
[00:01:20] [Client thread/WARN]: Unable to play unknown soundEvent: minecraft:dig.gravel
[00:01:20] [Client thread/WARN]: Unable to play unknown soundEvent: minecraft:mob.sheep.step
[00:01:20] [Client thread/WARN]: Unable to play unknown soundEvent: minecraft:dig.grass
[00:01:20] [Client thread/WARN]: Unable to play unknown soundEvent: minecraft:dig.gravel
[00:01:20] [Client thread/WARN]: Unable to play unknown soundEvent: minecraft:mob.sheep.step
[00:01:21] [Client thread/WARN]: Unable to play unknown soundEvent: minecraft:mob.sheep.step
[00:01:23] [Client thread/WARN]: Unable to play unknown soundEvent: minecraft:mob.sheep.say
[00:01:26] [Client thread/WARN]: Unable to play unknown soundEvent: minecraft:mob.sheep.say
[00:01:27] [Client thread/WARN]: Unable to play unknown soundEvent: minecraft:mob.sheep.step
[00:01:27] [Client thread/WARN]: Unable to play unknown soundEvent: minecraft:mob.sheep.say
[00:01:28] [Client thread/WARN]: Unable to play unknown soundEvent: minecraft:mob.sheep.step
[00:01:28] [Client thread/WARN]: Unable to play unknown soundEvent: minecraft:mob.guardian.attack
[00:01:28] [Client thread/WARN]: Unable to play unknown soundEvent: minecraft:mob.guardian.attack
[00:01:31] [Client thread/WARN]: Unable to play unknown soundEvent: minecraft:mob.guardian.attack
[00:01:40] [Client thread/WARN]: Unable to play unknown soundEvent: minecraft:step.grass
[00:01:41] [Client thread/WARN]: Unable to play unknown soundEvent: minecraft:step.grass
[00:01:43] [Client thread/WARN]: Unable to play unknown soundEvent: minecraft:step.grass
[00:01:45] [Client thread/WARN]: Unable to play unknown soundEvent: minecraft:dig.grass
[00:01:46] [Client thread/WARN]: Unable to play unknown soundEvent: minecraft:dig.grass
[00:01:46] [Client thread/WARN]: Unable to play unknown soundEvent: minecraft:dig.grass
[00:01:47] [Client thread/WARN]: Unable to play unknown soundEvent: minecraft:dig.grass
[00:02:06] [Client thread/WARN]: Unable to play unknown soundEvent: minecraft:music.game.creative
[00:02:09] [Server thread/WARN]: Can't keep up! Did the system time change, or is the server overloaded? Running 37965ms behind, skipping 759 tick(s)
[00:02:10] [Client thread/WARN]: Unable to play unknown soundEvent: minecraft:dig.stone
[00:02:10] [Client thread/WARN]: Unable to play unknown soundEvent: minecraft:minecart.base
[00:02:10] [Client thread/WARN]: Unable to play unknown soundEvent: minecraft:minecart.base
[00:02:10] [Client thread/WARN]: Unable to play unknown soundEvent: minecraft:minecart.base
[00:02:10] [Client thread/WARN]: Unable to play unknown soundEvent: minecraft:minecart.base
[00:02:10] [Client thread/WARN]: Unable to play unknown soundEvent: minecraft:minecart.base
[00:02:10] [Client thread/WARN]: Unable to play unknown soundEvent: minecraft:minecart.base
[00:02:10] [Client thread/WARN]: Unable to play unknown soundEvent: minecraft:minecart.base
[00:02:10] [Client thread/WARN]: Unable to play unknown soundEvent: minecraft:minecart.base
[00:02:10] [Client thread/WARN]: Unable to play unknown soundEvent: minecraft:dig.grass
[00:02:17] [Client thread/WARN]: Unable to play unknown soundEvent: minecraft:random.explode
[00:02:17] [Client thread/WARN]: Unable to play unknown soundEvent: minecraft:random.explode
[00:02:17] [Client thread/WARN]: Unable to play unknown soundEvent: minecraft:random.explode
[00:02:17] [Client thread/WARN]: Unable to play unknown soundEvent: minecraft:random.explode
[00:02:17] [Client thread/WARN]: Unable to play unknown soundEvent: minecraft:random.explode
[00:02:17] [Client thread/WARN]: Unable to play unknown soundEvent: minecraft:random.explode
[00:02:17] [Client thread/WARN]: Unable to play unknown soundEvent: minecraft:random.explode
[00:02:17] [Client thread/WARN]: Unable to play unknown soundEvent: minecraft:random.explode
[00:02:17] [Client thread/WARN]: Unable to play unknown soundEvent: minecraft:random.explode
[00:02:18] [Client thread/WARN]: Unable to play unknown soundEvent: minecraft:game.neutral.swim.splash
[00:02:18] [Client thread/WARN]: Unable to play unknown soundEvent: minecraft:game.neutral.swim.splash
[00:02:18] [Client thread/WARN]: Unable to play unknown soundEvent: minecraft:game.neutral.swim.splash
[00:02:19] [Client thread/WARN]: Unable to play unknown soundEvent: minecraft:game.neutral.swim.splash
[00:02:20] [Client thread/WARN]: Unable to play unknown soundEvent: minecraft:mob.pig.step
[00:02:20] [Client thread/WARN]: Unable to play unknown soundEvent: minecraft:mob.pig.say
[00:02:20] [Client thread/WARN]: Unable to play unknown soundEvent: minecraft:mob.pig.step
[00:02:20] [Client thread/WARN]: Unable to play unknown soundEvent: minecraft:step.grass
[00:02:21] [Client thread/WARN]: Unable to play unknown soundEvent: minecraft:liquid.water
[00:02:21] [Client thread/WARN]: Unable to play unknown soundEvent: minecraft:mob.pig.step
[00:02:21] [Client thread/WARN]: Unable to play unknown soundEvent: minecraft:dig.stone
[00:02:29] [Server thread/WARN]: Can't keep up! Did the system time change, or is the server overloaded? Running 2191ms behind, skipping 43 tick(s)
[00:02:34] [Client thread/WARN]: Unable to play unknown soundEvent: minecraft:minecart.base
[00:02:34] [Client thread/WARN]: Unable to play unknown soundEvent: minecraft:minecart.base
[00:02:37] [Client thread/WARN]: Unable to play unknown soundEvent: minecraft:minecart.base
[00:02:38] [Client thread/WARN]: Unable to play unknown soundEvent: minecraft:minecart.base
[00:02:38] [Client thread/WARN]: Unable to play unknown soundEvent: minecraft:minecart.base
[00:02:38] [Client thread/WARN]: Unable to play unknown soundEvent: minecraft:minecart.base
[00:02:38] [Client thread/WARN]: Unable to play unknown soundEvent: minecraft:minecart.base
[00:02:38] [Client thread/WARN]: Unable to play unknown soundEvent: minecraft:minecart.base
[00:02:48] [Client thread/WARN]: Unable to play unknown soundEvent: minecraft:liquid.water
[00:03:03] [Server thread/INFO]: Starting integrated minecraft server version 1.8.8
[00:03:03] [Server thread/INFO]: Generating keypair
[00:03:07] [Client thread/WARN]: Unable to play unknown soundEvent: minecraft:liquid.water
[00:03:09] [Client thread/WARN]: Unable to play unknown soundEvent: minecraft:step.grass
[00:03:10] [Client thread/WARN]: Unable to play unknown soundEvent: minecraft:step.grass
[00:03:11] [Client thread/WARN]: Unable to play unknown soundEvent: minecraft:step.grass
[00:03:11] [Client thread/WARN]: Unable to play unknown soundEvent: minecraft:step.grass
[00:03:12] [Client thread/WARN]: Unable to play unknown soundEvent: minecraft:step.grass
[00:03:12] [Client thread/WARN]: Unable to play unknown soundEvent: minecraft:step.grass
[00:03:13] [Client thread/WARN]: Unable to play unknown soundEvent: minecraft:liquid.water
[00:03:15] [Client thread/WARN]: Unable to play unknown soundEvent: minecraft:step.grass
[00:03:17] [Client thread/WARN]: Unable to play unknown soundEvent: minecraft:liquid.water
[00:03:20] [Client thread/WARN]: Unable to play unknown soundEvent: minecraft:liquid.water
[00:03:21] [Client thread/WARN]: Unable to play unknown soundEvent: minecraft:step.grass
[00:03:22] [Client thread/WARN]: Unable to play unknown soundEvent: minecraft:step.grass
[00:03:22] [Client thread/WARN]: Unable to play unknown soundEvent: minecraft:step.grass
[00:03:22] [Client thread/WARN]: Unable to play unknown soundEvent: minecraft:liquid.water
[00:03:23] [Client thread/WARN]: Unable to play unknown soundEvent: minecraft:step.grass
[00:03:24] [Server thread/INFO]: Preparing start region for level 0
[00:03:26] [Server thread/INFO]: Preparing spawn area: 0%
[00:03:27] [Server thread/INFO]: Preparing spawn area: 0%
[00:03:28] [Server thread/INFO]: Preparing spawn area: 0%
[00:03:29] [Server thread/INFO]: Preparing spawn area: 1%
[00:03:30] [Server thread/INFO]: Preparing spawn area: 1%
[00:03:31] [Server thread/INFO]: Preparing spawn area: 1%
[00:03:32] [Server thread/INFO]: Preparing spawn area: 2%
[00:03:33] [Server thread/INFO]: Preparing spawn area: 2%
[00:03:34] [Server thread/INFO]: Preparing spawn area: 2%
[00:03:35] [Server thread/INFO]: Preparing spawn area: 3%
[00:03:36] [Server thread/INFO]: Preparing spawn area: 3%
[00:03:38] [Server thread/INFO]: Preparing spawn area: 3%
[00:03:39] [Server thread/INFO]: Preparing spawn area: 4%
[00:03:43] [Server thread/INFO]: Preparing spawn area: 4%
[00:03:44] [Server thread/INFO]: Preparing spawn area: 4%
[00:03:45] [Server thread/INFO]: Preparing spawn area: 5%
[00:03:47] [Server thread/INFO]: Preparing spawn area: 5%
[00:03:48] [Server thread/INFO]: Preparing spawn area: 5%
[00:03:49] [Server thread/INFO]: Preparing spawn area: 6%
[00:03:51] [Server thread/INFO]: Preparing spawn area: 6%
[00:03:52] [Server thread/INFO]: Preparing spawn area: 7%
[00:03:54] [Server thread/INFO]: Preparing spawn area: 7%
[00:03:55] [Server thread/INFO]: Preparing spawn area: 8%
[00:03:59] [Client thread/WARN]: Unable to play unknown soundEvent: minecraft:step.grass
[00:04:12] [Server thread/INFO]: Preparing spawn area: 8%
[00:04:13] [Server thread/INFO]: Preparing spawn area: 8%
[00:04:15] [Server thread/INFO]: Preparing spawn area: 8%
[00:04:16] [Server thread/INFO]: Preparing spawn area: 9%
[00:04:17] [Server thread/INFO]: Preparing spawn area: 9%
[00:04:18] [Server thread/INFO]: Preparing spawn area: 9%
[00:04:19] [Server thread/INFO]: Preparing spawn area: 10%
[00:04:20] [Server thread/INFO]: Preparing spawn area: 10%
[00:04:21] [Server thread/INFO]: Preparing spawn area: 10%
[00:04:21] [Client thread/WARN]: Unable to play unknown soundEvent: minecraft:liquid.water
[00:04:22] [Server thread/INFO]: Preparing spawn area: 11%
[00:04:24] [Client thread/WARN]: Unable to play unknown soundEvent: minecraft:liquid.water
[00:04:24] [Server thread/INFO]: Preparing spawn area: 11%
[00:04:24] [Client thread/WARN]: Unable to play unknown soundEvent: minecraft:step.grass
[00:04:25] [Server thread/INFO]: Preparing spawn area: 12%
[00:04:26] [Client thread/WARN]: Unable to play unknown soundEvent: minecraft:step.grass
[00:04:26] [Server thread/INFO]: Preparing spawn area: 12%
[00:04:27] [Server thread/INFO]: Preparing spawn area: 12%
[00:04:28] [Client thread/WARN]: Unable to play unknown soundEvent: minecraft:step.grass
[00:04:29] [Server thread/INFO]: Preparing spawn area: 13%
[00:04:29] [Client thread/WARN]: Unable to play unknown soundEvent: minecraft:liquid.water
[00:04:29] [Client thread/WARN]: Unable to play unknown soundEvent: minecraft:step.grass
[00:04:30] [Server thread/INFO]: Preparing spawn area: 13%
[00:04:30] [Client thread/WARN]: Unable to play unknown soundEvent: minecraft:step.grass
[00:04:31] [Server thread/INFO]: Preparing spawn area: 13%
[00:04:32] [Server thread/INFO]: Preparing spawn area: 14%
[00:04:33] [Server thread/INFO]: Preparing spawn area: 14%
[00:04:33] [Client thread/WARN]: Unable to play unknown soundEvent: minecraft:music.game.creative
[00:04:34] [Server thread/INFO]: Preparing spawn area: 14%
[00:04:35] [Server thread/INFO]: Preparing spawn area: 15%
[00:04:36] [Server thread/INFO]: Preparing spawn area: 15%
[00:04:37] [Server thread/INFO]: Preparing spawn area: 15%
[00:04:38] [Server thread/INFO]: Preparing spawn area: 16%
[00:04:40] [Server thread/INFO]: Preparing spawn area: 16%
[00:04:41] [Server thread/INFO]: Preparing spawn area: 16%
[00:04:42] [Server thread/INFO]: Preparing spawn area: 17%
[00:04:43] [Server thread/INFO]: Preparing spawn area: 17%
[00:04:44] [Server thread/INFO]: Preparing spawn area: 17%
[00:05:05] [Server thread/INFO]: Preparing spawn area: 18%
[00:05:06] [Server thread/INFO]: Preparing spawn area: 18%
[00:05:08] [Server thread/INFO]: Preparing spawn area: 19%
[00:05:09] [Server thread/INFO]: Preparing spawn area: 19%
[00:05:10] [Server thread/INFO]: Preparing spawn area: 20%
[00:05:11] [Server thread/INFO]: Preparing spawn area: 20%
[00:05:12] [Server thread/INFO]: Preparing spawn area: 20%
[00:05:13] [Server thread/INFO]: Preparing spawn area: 21%
[00:05:14] [Server thread/INFO]: Preparing spawn area: 21%
[00:05:15] [Server thread/INFO]: Preparing spawn area: 21%
[00:05:16] [Client thread/WARN]: Unable to play unknown soundEvent: minecraft:gui.button.press
[00:05:16] [Server thread/INFO]: Preparing spawn area: 22%
[00:05:18] [Server thread/INFO]: Preparing spawn area: 22%
[00:05:19] [Server thread/INFO]: Preparing spawn area: 22%
[00:05:20] [Server thread/INFO]: Preparing spawn area: 23%
[00:05:21] [Server thread/INFO]: Preparing spawn area: 23%
[00:05:22] [Server thread/INFO]: Preparing spawn area: 24%
[00:05:24] [Server thread/INFO]: Preparing spawn area: 24%
[00:05:25] [Server thread/INFO]: Preparing spawn area: 24%
[00:05:26] [Server thread/INFO]: Preparing spawn area: 25%
[00:05:27] [Server thread/INFO]: Preparing spawn area: 25%
[00:05:29] [Server thread/INFO]: Preparing spawn area: 25%
[00:05:30] [Server thread/INFO]: Preparing spawn area: 26%
[00:05:31] [Server thread/INFO]: Preparing spawn area: 26%
[00:05:32] [Server thread/INFO]: Preparing spawn area: 26%
[00:05:33] [Server thread/INFO]: Preparing spawn area: 27%
[00:05:39] [Server thread/INFO]: Preparing spawn area: 27%
[00:05:39] [Server thread/INFO]: Saving and pausing game...
[00:05:39] [Server thread/INFO]: Saving chunks for level 'New World'/Overworld
[00:05:39] [Server thread/INFO]: Saving chunks for level 'New World'/Nether
[00:05:39] [Server thread/INFO]: Saving chunks for level 'New World'/The End
[00:05:39] [Server thread/INFO]: Stopping server
[00:05:39] [Server thread/INFO]: Saving players
[00:05:39] [Server thread/INFO]: Saving worlds
[00:05:39] [Server thread/INFO]: Saving chunks for level 'New World'/Overworld
[00:05:39] [Server thread/INFO]: Saving chunks for level 'New World'/Nether
[00:05:39] [Server thread/INFO]: Saving chunks for level 'New World'/The End
[00:05:42] [Client thread/WARN]: Unable to play unknown soundEvent: minecraft:gui.button.press
[00:05:43] [Server thread/INFO]: Starting integrated minecraft server version 1.8.8
[00:05:43] [Server thread/INFO]: Generating keypair
[00:05:43] [Server thread/INFO]: Preparing start region for level 0
[00:05:43] [Server thread/INFO]: Changing view distance to 12, from 10
[00:05:43] [Server thread/INFO]: Player302[local:E:1a3f5021] logged in with entity id 66217 at (-315.92302345335816, 64.0, 316.9651252771497)
[00:05:43] [Server thread/INFO]: Player302 joined the game
[00:05:45] [Client thread/WARN]: Unable to play unknown soundEvent: minecraft:minecart.base
[00:05:45] [Client thread/WARN]: Unable to play unknown soundEvent: minecraft:minecart.base
[00:05:45] [Client thread/WARN]: Unable to play unknown soundEvent: minecraft:minecart.base
[00:05:45] [Client thread/WARN]: Unable to play unknown soundEvent: minecraft:mob.bat.takeoff
[00:05:45] [Client thread/WARN]: Unable to play unknown soundEvent: minecraft:mob.bat.takeoff
[00:05:56] [Client thread/WARN]: Unable to play unknown soundEvent: minecraft:step.grass
[00:05:56] [Client thread/WARN]: Unable to play unknown soundEvent: minecraft:step.grass
[00:05:56] [Client thread/WARN]: Unable to play unknown soundEvent: minecraft:step.grass
[00:05:57] [Client thread/WARN]: Unable to play unknown soundEvent: minecraft:step.grass
[00:05:57] [Client thread/WARN]: Unable to play unknown soundEvent: minecraft:step.grass
[00:05:57] [Client thread/WARN]: Unable to play unknown soundEvent: minecraft:dig.grass
[00:05:57] [Client thread/WARN]: Unable to play unknown soundEvent: minecraft:step.grass
[00:05:58] [Client thread/WARN]: Unable to play unknown soundEvent: minecraft:dig.grass
[00:05:58] [Client thread/WARN]: Unable to play unknown soundEvent: minecraft:dig.grass
[00:05:58] [Client thread/WARN]: Unable to play unknown soundEvent: minecraft:dig.grass
[00:05:58] [Client thread/WARN]: Unable to play unknown soundEvent: minecraft:step.grass
[00:05:59] [Client thread/WARN]: Unable to play unknown soundEvent: minecraft:dig.grass
[00:05:59] [Client thread/WARN]: Unable to play unknown soundEvent: minecraft:step.grass
[00:05:59] [Client thread/WARN]: Unable to play unknown soundEvent: minecraft:dig.grass
[00:05:59] [Client thread/WARN]: Unable to play unknown soundEvent: minecraft:dig.grass
[00:05:59] [Client thread/WARN]: Unable to play unknown soundEvent: minecraft:step.grass
[00:06:00] [Client thread/WARN]: Unable to play unknown soundEvent: minecraft:dig.grass
[00:06:00] [Client thread/WARN]: Unable to play unknown soundEvent: minecraft:dig.grass
[00:06:00] [Client thread/WARN]: Unable to play unknown soundEvent: minecraft:step.grass
[00:06:00] [Client thread/WARN]: Unable to play unknown soundEvent: minecraft:dig.grass
[00:06:00] [Client thread/WARN]: Unable to play unknown soundEvent: minecraft:dig.grass
[00:06:01] [Client thread/WARN]: Unable to play unknown soundEvent: minecraft:step.grass
[00:06:01] [Client thread/WARN]: Unable to play unknown soundEvent: minecraft:step.grass
[00:06:02] [Client thread/WARN]: Unable to play unknown soundEvent: minecraft:dig.grass
[00:06:02] [Client thread/WARN]: Unable to play unknown soundEvent: minecraft:dig.grass
[00:06:03] [Client thread/WARN]: Unable to play unknown soundEvent: minecraft:step.sand
[00:06:05] [Client thread/WARN]: Unable to play unknown soundEvent: minecraft:step.sand
[00:06:05] [Client thread/WARN]: Unable to play unknown soundEvent: minecraft:step.sand
[00:06:06] [Client thread/WARN]: Unable to play unknown soundEvent: minecraft:dig.grass
[00:06:11] [Client thread/WARN]: Unable to play unknown soundEvent: minecraft:step.sand
[00:06:11] [Client thread/WARN]: Unable to play unknown soundEvent: minecraft:step.grass
[00:06:14] [Server thread/WARN]: Can't keep up! Did the system time change, or is the server overloaded? Running 23500ms behind, skipping 470 tick(s)
[00:06:15] [Client thread/WARN]: Unable to play unknown soundEvent: minecraft:dig.gravel
[00:06:15] [Client thread/WARN]: Unable to play unknown soundEvent: minecraft:dig.gravel
[00:06:15] [Client thread/WARN]: Unable to play unknown soundEvent: minecraft:dig.gravel
[00:06:15] [Client thread/WARN]: Unable to play unknown soundEvent: minecraft:dig.gravel
[00:06:15] [Client thread/WARN]: Unable to play unknown soundEvent: minecraft:dig.gravel
[00:06:15] [Client thread/WARN]: Unable to play unknown soundEvent: minecraft:dig.gravel
[00:06:15] [Client thread/WARN]: Unable to play unknown soundEvent: minecraft:dig.gravel
[00:06:15] [Client thread/WARN]: Unable to play unknown soundEvent: minecraft:dig.gravel
[00:06:15] [Client thread/WARN]: Unable to play unknown soundEvent: minecraft:mob.bat.takeoff
[00:06:15] [Client thread/WARN]: Unable to play unknown soundEvent: minecraft:mob.bat.takeoff
[00:06:15] [Client thread/WARN]: Unable to play unknown soundEvent: minecraft:mob.pig.say
[00:06:15] [Client thread/WARN]: Unable to play unknown soundEvent: minecraft:mob.pig.step
[00:06:15] [Client thread/WARN]: Unable to play unknown soundEvent: minecraft:random.explode
[00:06:15] [Client thread/WARN]: Unable to play unknown soundEvent: minecraft:random.explode
[00:06:15] [Client thread/WARN]: Unable to play unknown soundEvent: minecraft:random.explode
[00:06:15] [Client thread/WARN]: Unable to play unknown soundEvent: minecraft:random.explode
[00:06:15] [Client thread/WARN]: Unable to play unknown soundEvent: minecraft:game.neutral.swim.splash
[00:06:15] [Client thread/WARN]: Unable to play unknown soundEvent: minecraft:game.neutral.swim.splash
[00:06:15] [Client thread/WARN]: Unable to play unknown soundEvent: minecraft:game.neutral.swim.splash
[00:06:15] [Client thread/WARN]: Unable to play unknown soundEvent: minecraft:game.neutral.swim.splash
[00:06:15] [Client thread/WARN]: Unable to play unknown soundEvent: minecraft:game.neutral.swim.splash
[00:06:15] [Client thread/WARN]: Unable to play unknown soundEvent: minecraft:mob.pig.step
[00:06:15] [Client thread/WARN]: Unable to play unknown soundEvent: minecraft:game.neutral.swim.splash
[00:06:15] [Client thread/WARN]: Unable to play unknown soundEvent: minecraft:game.neutral.swim.splash
[00:06:15] [Client thread/WARN]: Unable to play unknown soundEvent: minecraft:game.neutral.swim.splash
[00:06:15] [Client thread/WARN]: Unable to play unknown soundEvent: minecraft:game.neutral.swim.splash
[00:06:15] [Client thread/WARN]: Unable to play unknown soundEvent: minecraft:game.neutral.swim.splash
[00:06:15] [Client thread/WARN]: Unable to play unknown soundEvent: minecraft:mob.pig.say
[00:06:15] [Client thread/WARN]: Unable to play unknown soundEvent: minecraft:mob.bat.takeoff
[00:06:15] [Client thread/WARN]: Unable to play unknown soundEvent: minecraft:game.neutral.swim.splash
[00:06:15] [Client thread/WARN]: Unable to play unknown soundEvent: minecraft:game.neutral.swim.splash
[00:06:15] [Client thread/WARN]: Unable to play unknown soundEvent: minecraft:game.neutral.swim.splash
[00:06:15] [Client thread/WARN]: Unable to play unknown soundEvent: minecraft:game.neutral.swim.splash
[00:06:15] [Client thread/WARN]: Unable to play unknown soundEvent: minecraft:game.neutral.swim.splash
[00:06:15] [Client thread/WARN]: Unable to play unknown soundEvent: minecraft:game.neutral.swim.splash
[00:06:15] [Client thread/WARN]: Unable to play unknown soundEvent: minecraft:game.neutral.swim.splash
[00:06:15] [Client thread/WARN]: Unable to play unknown soundEvent: minecraft:game.neutral.swim.splash
[00:06:15] [Client thread/WARN]: Unable to play unknown soundEvent: minecraft:mob.pig.step
[00:06:15] [Client thread/WARN]: Unable to play unknown soundEvent: minecraft:game.neutral.swim.splash
[00:06:15] [Client thread/WARN]: Unable to play unknown soundEvent: minecraft:game.neutral.swim.splash
[00:06:15] [Client thread/WARN]: Unable to play unknown soundEvent: minecraft:game.neutral.swim.splash
[00:06:15] [Client thread/WARN]: Unable to play unknown soundEvent: minecraft:liquid.water
[00:06:16] [Client thread/WARN]: Unable to play unknown soundEvent: minecraft:mob.pig.say
[00:06:16] [Client thread/WARN]: Unable to play unknown soundEvent: minecraft:liquid.water
[00:06:16] [Client thread/WARN]: Unable to play unknown soundEvent: minecraft:liquid.water
[00:06:17] [Client thread/WARN]: Unable to play unknown soundEvent: minecraft:liquid.water
[00:06:17] [Client thread/WARN]: Unable to play unknown soundEvent: minecraft:liquid.water
[00:06:18] [Client thread/WARN]: Unable to play unknown soundEvent: minecraft:liquid.water
[00:06:18] [Client thread/WARN]: Unable to play unknown soundEvent: minecraft:mob.pig.say
[00:06:18] [Client thread/WARN]: Unable to play unknown soundEvent: minecraft:mob.bat.idle
[00:06:19] [Client thread/WARN]: Unable to play unknown soundEvent: minecraft:liquid.water
[00:06:19] [Client thread/WARN]: Unable to play unknown soundEvent: minecraft:liquid.water
[00:06:20] [Client thread/WARN]: Unable to play unknown soundEvent: minecraft:liquid.water
[00:06:20] [Client thread/WARN]: Unable to play unknown soundEvent: minecraft:liquid.water
[00:06:20] [Client thread/WARN]: Unable to play unknown soundEvent: minecraft:liquid.water
[00:06:20] [Client thread/WARN]: Unable to play unknown soundEvent: minecraft:liquid.water
[00:06:21] [Client thread/WARN]: Unable to play unknown soundEvent: minecraft:mob.pig.say
[00:06:21] [Client thread/WARN]: Unable to play unknown soundEvent: minecraft:mob.pig.say
[00:06:22] [Client thread/WARN]: Unable to play unknown soundEvent: minecraft:liquid.water
[00:06:23] [Client thread/WARN]: Unable to play unknown soundEvent: minecraft:liquid.water
[00:06:23] [Client thread/WARN]: Unable to play unknown soundEvent: minecraft:liquid.water
[00:06:23] [Client thread/WARN]: Unable to play unknown soundEvent: minecraft:liquid.water
[00:06:23] [Client thread/WARN]: Unable to play unknown soundEvent: minecraft:liquid.water
[00:06:23] [Client thread/WARN]: Unable to play unknown soundEvent: minecraft:liquid.water
[00:06:24] [Client thread/WARN]: Unable to play unknown soundEvent: minecraft:mob.pig.say
[00:06:24] [Client thread/WARN]: Unable to play unknown soundEvent: minecraft:liquid.water
[00:06:26] [Client thread/WARN]: Unable to play unknown soundEvent: minecraft:mob.pig.say
[00:06:26] [Client thread/WARN]: Unable to play unknown soundEvent: minecraft:liquid.water
[00:06:27] [Client thread/WARN]: Unable to play unknown soundEvent: minecraft:liquid.water
[00:06:28] [Client thread/WARN]: Unable to play unknown soundEvent: minecraft:mob.pig.step
[00:06:28] [Client thread/WARN]: Unable to play unknown soundEvent: minecraft:liquid.water
[00:06:28] [Client thread/WARN]: Unable to play unknown soundEvent: minecraft:mob.pig.step
[00:06:29] [Client thread/WARN]: Unable to play unknown soundEvent: minecraft:mob.pig.say
[00:06:29] [Client thread/WARN]: Unable to play unknown soundEvent: minecraft:liquid.water
[00:06:29] [Client thread/WARN]: Unable to play unknown soundEvent: minecraft:mob.pig.step
[00:06:29] [Client thread/WARN]: Unable to play unknown soundEvent: minecraft:liquid.water
[00:06:30] [Client thread/WARN]: Unable to play unknown soundEvent: minecraft:mob.pig.step
[00:06:30] [Client thread/WARN]: Unable to play unknown soundEvent: minecraft:liquid.water
[00:06:30] [Client thread/WARN]: Unable to play unknown soundEvent: minecraft:mob.pig.step
[00:06:30] [Client thread/WARN]: Unable to play unknown soundEvent: minecraft:dig.gravel
[00:06:31] [Client thread/WARN]: Unable to play unknown soundEvent: minecraft:dig.gravel
[00:06:31] [Client thread/WARN]: Unable to play unknown soundEvent: minecraft:liquid.water
[00:06:32] [Client thread/WARN]: Unable to play unknown soundEvent: minecraft:dig.grass
[00:06:32] [Client thread/WARN]: Unable to play unknown soundEvent: minecraft:step.grass
[00:06:32] [Client thread/WARN]: Unable to play unknown soundEvent: minecraft:dig.grass
[00:06:33] [Client thread/WARN]: Unable to play unknown soundEvent: minecraft:mob.pig.say
[00:06:33] [Client thread/WARN]: Unable to play unknown soundEvent: minecraft:liquid.water
[00:06:33] [Client thread/WARN]: Unable to play unknown soundEvent: minecraft:dig.grass
[00:06:33] [Client thread/WARN]: Unable to play unknown soundEvent: minecraft:step.grass
[00:06:33] [Client thread/WARN]: Unable to play unknown soundEvent: minecraft:dig.grass
[00:06:34] [Client thread/WARN]: Unable to play unknown soundEvent: minecraft:step.grass
[00:06:34] [Client thread/WARN]: Unable to play unknown soundEvent: minecraft:step.grass
[00:06:34] [Client thread/WARN]: Unable to play unknown soundEvent: minecraft:dig.grass
[00:06:35] [Client thread/WARN]: Unable to play unknown soundEvent: minecraft:step.grass
[00:06:35] [Client thread/WARN]: Unable to play unknown soundEvent: minecraft:dig.grass
[00:06:35] [Client thread/WARN]: Unable to play unknown soundEvent: minecraft:step.grass
[00:06:35] [Client thread/WARN]: Unable to play unknown soundEvent: minecraft:step.grass
[00:06:35] [Client thread/WARN]: Unable to play unknown soundEvent: minecraft:dig.grass
[00:06:36] [Client thread/WARN]: Unable to play unknown soundEvent: minecraft:step.grass
[00:06:39] [Client thread/WARN]: Unable to play unknown soundEvent: minecraft:step.grass
[00:06:39] [Client thread/WARN]: Unable to play unknown soundEvent: minecraft:step.grass
[00:06:46] [Client thread/WARN]: Unable to play unknown soundEvent: minecraft:step.grass
[00:06:46] [Client thread/WARN]: Unable to play unknown soundEvent: minecraft:step.grass
[00:06:47] [Client thread/WARN]: Unable to play unknown soundEvent: minecraft:step.grass
[00:06:47] [Client thread/WARN]: Unable to play unknown soundEvent: minecraft:step.grass
[00:06:48] [Client thread/WARN]: Unable to play unknown soundEvent: minecraft:step.grass
[00:06:48] [Client thread/WARN]: Unable to play unknown soundEvent: minecraft:mob.bat.takeoff
[00:06:48] [Client thread/WARN]: Unable to play unknown soundEvent: minecraft:step.grass
[00:06:48] [Client thread/WARN]: Unable to play unknown soundEvent: minecraft:dig.grass
[00:06:48] [Client thread/WARN]: Unable to play unknown soundEvent: minecraft:mob.bat.takeoff
[00:06:48] [Client thread/WARN]: Unable to play unknown soundEvent: minecraft:mob.bat.takeoff
[00:06:48] [Client thread/WARN]: Unable to play unknown soundEvent: minecraft:mob.bat.takeoff
[00:06:48] [Client thread/WARN]: Unable to play unknown soundEvent: minecraft:mob.bat.takeoff
[00:06:55] [Client thread/WARN]: Unable to play unknown soundEvent: minecraft:dig.grass
[00:06:58] [Client thread/WARN]: Unable to play unknown soundEvent: minecraft:dig.grass
[00:07:01] [Server thread/WARN]: Can't keep up! Did the system time change, or is the server overloaded? Running 7425ms behind, skipping 148 tick(s)
[00:07:04] [Client thread/WARN]: Unable to play unknown soundEvent: minecraft:step.grass
[00:07:04] [Client thread/WARN]: Unable to play unknown soundEvent: minecraft:step.grass
[00:07:04] [Client thread/WARN]: Unable to play unknown soundEvent: minecraft:dig.grass
[00:07:05] [Client thread/WARN]: Unable to play unknown soundEvent: minecraft:step.grass
[00:07:05] [Client thread/WARN]: Unable to play unknown soundEvent: minecraft:step.grass
[00:07:06] [Client thread/WARN]: Unable to play unknown soundEvent: minecraft:step.grass
[00:07:06] [Client thread/WARN]: Unable to play unknown soundEvent: minecraft:step.grass
[00:07:07] [Client thread/WARN]: Unable to play unknown soundEvent: minecraft:step.grass
[00:07:08] [Client thread/WARN]: Unable to play unknown soundEvent: minecraft:step.grass
[00:07:08] [Client thread/WARN]: Unable to play unknown soundEvent: minecraft:step.grass
[00:07:09] [Client thread/WARN]: Unable to play unknown soundEvent: minecraft:step.grass
[00:07:10] [Client thread/WARN]: Unable to play unknown soundEvent: minecraft:dig.sand
[00:07:11] [Client thread/WARN]: Unable to play unknown soundEvent: minecraft:dig.grass
[00:07:12] [Client thread/WARN]: Unable to play unknown soundEvent: minecraft:step.grass
[00:07:13] [Client thread/WARN]: Unable to play unknown soundEvent: minecraft:step.grass
[00:07:17] [Client thread/WARN]: Unable to play unknown soundEvent: minecraft:mob.bat.takeoff
[00:07:28] [Client thread/WARN]: Unable to play unknown soundEvent: minecraft:dig.grass
[00:07:28] [Server thread/INFO]: Saving and pausing game...
[00:07:28] [Server thread/INFO]: Saving chunks for level 'New World'/Overworld
[00:07:28] [Server thread/INFO]: Saving chunks for level 'New World'/Nether
[00:07:28] [Server thread/INFO]: Saving chunks for level 'New World'/The End
[00:07:30] [Client thread/WARN]: Unable to play unknown soundEvent: minecraft:gui.button.press
[00:07:30] [Client thread/WARN]: Unable to play unknown soundEvent: minecraft:step.grass
[00:07:32] [Client thread/WARN]: Unable to play unknown soundEvent: minecraft:mob.bat.takeoff
[00:07:32] [Client thread/WARN]: Unable to play unknown soundEvent: minecraft:mob.bat.takeoff
[00:07:32] [Client thread/WARN]: Unable to play unknown soundEvent: minecraft:mob.bat.takeoff
[00:07:35] [Client thread/WARN]: Unable to play unknown soundEvent: minecraft:dig.sand
[00:07:35] [Client thread/WARN]: Unable to play unknown soundEvent: minecraft:dig.grass
[00:07:36] [Client thread/WARN]: Unable to play unknown soundEvent: minecraft:dig.grass
[00:07:36] [Client thread/WARN]: Unable to play unknown soundEvent: minecraft:dig.grass
[00:07:36] [Client thread/WARN]: Unable to play unknown soundEvent: minecraft:dig.sand
[00:07:37] [Client thread/WARN]: Unable to play unknown soundEvent: minecraft:dig.sand
[00:07:37] [Client thread/WARN]: Unable to play unknown soundEvent: minecraft:dig.sand
[00:07:38] [Client thread/WARN]: Unable to play unknown soundEvent: minecraft:dig.grass
[00:07:47] [Client thread/WARN]: Unable to play unknown soundEvent: minecraft:dig.sand
[00:07:48] [Client thread/WARN]: Unable to play unknown soundEvent: minecraft:dig.sand
[00:07:53] [Server thread/WARN]: Can't keep up! Did the system time change, or is the server overloaded? Running 9508ms behind, skipping 190 tick(s)
[00:07:57] [Client thread/WARN]: Unable to play unknown soundEvent: minecraft:dig.sand
[00:07:57] [Client thread/WARN]: Unable to play unknown soundEvent: minecraft:dig.sand
[00:07:57] [Client thread/WARN]: Unable to play unknown soundEvent: minecraft:dig.sand
[00:07:57] [Client thread/WARN]: Unable to play unknown soundEvent: minecraft:dig.sand
[00:07:59] [Client thread/WARN]: Unable to play unknown soundEvent: minecraft:step.grass
[00:07:59] [Client thread/WARN]: Unable to play unknown soundEvent: minecraft:step.grass
[00:08:01] [Client thread/WARN]: Unable to play unknown soundEvent: minecraft:dig.grass
[00:08:01] [Client thread/WARN]: Unable to play unknown soundEvent: minecraft:dig.sand
[00:08:03] [Client thread/WARN]: Unable to play unknown soundEvent: minecraft:step.grass
[00:08:04] [Client thread/WARN]: Unable to play unknown soundEvent: minecraft:music.game.creative
[00:08:04] [Client thread/WARN]: Unable to play unknown soundEvent: minecraft:step.grass
[00:08:05] [Client thread/WARN]: Unable to play unknown soundEvent: minecraft:step.grass
[00:08:06] [Client thread/WARN]: Unable to play unknown soundEvent: minecraft:step.grass
[00:08:06] [Client thread/WARN]: Unable to play unknown soundEvent: minecraft:step.grass
[00:08:11] [Client thread/WARN]: Unable to play unknown soundEvent: minecraft:step.grass
[00:08:13] [Client thread/WARN]: Unable to play unknown soundEvent: minecraft:step.grass
[00:08:15] [Client thread/WARN]: Unable to play unknown soundEvent: minecraft:step.grass
[00:08:23] [Client thread/WARN]: Unable to play unknown soundEvent: minecraft:dig.grass
[00:08:23] [Client thread/WARN]: Unable to play unknown soundEvent: minecraft:mob.bat.takeoff
[00:08:23] [Client thread/WARN]: Unable to play unknown soundEvent: minecraft:mob.bat.takeoff
[00:08:23] [Client thread/WARN]: Unable to play unknown soundEvent: minecraft:mob.bat.takeoff
[00:08:25] [Client thread/WARN]: Unable to play unknown soundEvent: minecraft:dig.sand
[00:08:25] [Client thread/WARN]: Unable to play unknown soundEvent: minecraft:dig.grass
[00:08:26] [Client thread/WARN]: Unable to play unknown soundEvent: minecraft:step.grass
[00:08:26] [Client thread/WARN]: Unable to play unknown soundEvent: minecraft:dig.sand
[00:08:26] [Client thread/WARN]: Unable to play unknown soundEvent: minecraft:dig.sand
[00:08:27] [Client thread/WARN]: Unable to play unknown soundEvent: minecraft:dig.sand
[00:08:27] [Client thread/WARN]: Unable to play unknown soundEvent: minecraft:dig.sand
[00:08:27] [Client thread/WARN]: Unable to play unknown soundEvent: minecraft:dig.sand
[00:08:27] [Client thread/WARN]: Unable to play unknown soundEvent: minecraft:mob.bat.takeoff
[00:08:27] [Client thread/WARN]: Unable to play unknown soundEvent: minecraft:mob.bat.takeoff
[00:08:27] [Client thread/WARN]: Unable to play unknown soundEvent: minecraft:mob.bat.takeoff
[00:08:27] [Client thread/WARN]: Unable to play unknown soundEvent: minecraft:mob.bat.takeoff
[00:08:28] [Client thread/WARN]: Unable to play unknown soundEvent: minecraft:dig.sand
[00:08:29] [Client thread/WARN]: Unable to play unknown soundEvent: minecraft:dig.sand
[00:08:37] [Client thread/WARN]: Unable to play unknown soundEvent: minecraft:dig.sand
[00:08:38] [Client thread/WARN]: Unable to play unknown soundEvent: minecraft:mob.bat.takeoff
[00:08:38] [Client thread/WARN]: Unable to play unknown soundEvent: minecraft:mob.bat.takeoff
[00:08:38] [Client thread/WARN]: Unable to play unknown soundEvent: minecraft:mob.bat.takeoff
[00:08:38] [Client thread/WARN]: Unable to play unknown soundEvent: minecraft:mob.bat.takeoff
[00:08:38] [Client thread/WARN]: Unable to play unknown soundEvent: minecraft:mob.bat.takeoff
[00:08:38] [Client thread/WARN]: Unable to play unknown soundEvent: minecraft:mob.bat.takeoff
[00:08:38] [Client thread/WARN]: Unable to play unknown soundEvent: minecraft:dig.sand
[00:08:49] [Client thread/WARN]: Unable to play unknown soundEvent: minecraft:dig.grass
[00:08:50] [Client thread/WARN]: Unable to play unknown soundEvent: minecraft:dig.grass
[00:08:51] [Client thread/WARN]: Unable to play unknown soundEvent: minecraft:dig.gravel
[00:08:51] [Client thread/WARN]: Unable to play unknown soundEvent: minecraft:dig.gravel
[00:08:53] [Client thread/WARN]: Unable to play unknown soundEvent: minecraft:dig.gravel
[00:08:53] [Client thread/WARN]: Unable to play unknown soundEvent: minecraft:dig.grass
[00:08:54] [Client thread/WARN]: Unable to play unknown soundEvent: minecraft:dig.grass
[00:08:54] [Client thread/WARN]: Unable to play unknown soundEvent: minecraft:dig.grass
[00:08:54] [Client thread/WARN]: Unable to play unknown soundEvent: minecraft:dig.grass
[00:08:54] [Client thread/WARN]: Unable to play unknown soundEvent: minecraft:dig.grass
[00:08:55] [Client thread/WARN]: Unable to play unknown soundEvent: minecraft:dig.gravel
[00:08:58] [Server thread/WARN]: Can't keep up! Did the system time change, or is the server overloaded? Running 12704ms behind, skipping 254 tick(s)
[00:09:03] [Client thread/WARN]: Unable to play unknown soundEvent: minecraft:dig.sand
[00:09:03] [Client thread/WARN]: Unable to play unknown soundEvent: minecraft:dig.sand
[00:09:03] [Client thread/WARN]: Unable to play unknown soundEvent: minecraft:dig.sand
[00:09:04] [Client thread/WARN]: Unable to play unknown soundEvent: minecraft:dig.sand
[00:09:04] [Client thread/WARN]: Unable to play unknown soundEvent: minecraft:dig.sand
[00:09:04] [Client thread/WARN]: Unable to play unknown soundEvent: minecraft:dig.sand
[00:09:11] [Client thread/WARN]: Unable to play unknown soundEvent: minecraft:dig.sand
[00:09:11] [Client thread/WARN]: Unable to play unknown soundEvent: minecraft:dig.grass
[00:09:11] [Client thread/WARN]: Unable to play unknown soundEvent: minecraft:dig.sand
[00:09:11] [Client thread/WARN]: Unable to play unknown soundEvent: minecraft:dig.sand
[00:09:12] [Client thread/WARN]: Unable to play unknown soundEvent: minecraft:dig.sand
[00:09:19] [Client thread/WARN]: Unable to play unknown soundEvent: minecraft:step.grass
[00:09:19] [Client thread/WARN]: Unable to play unknown soundEvent: minecraft:dig.sand
[00:09:20] [Client thread/WARN]: Unable to play unknown soundEvent: minecraft:dig.sand
[00:09:20] [Client thread/WARN]: Unable to play unknown soundEvent: minecraft:step.grass
[00:09:20] [Client thread/WARN]: Unable to play unknown soundEvent: minecraft:dig.sand
[00:09:20] [Client thread/WARN]: Unable to play unknown soundEvent: minecraft:dig.sand
[00:09:20] [Client thread/WARN]: Unable to play unknown soundEvent: minecraft:step.grass
[00:09:21] [Client thread/WARN]: Unable to play unknown soundEvent: minecraft:dig.sand
[00:09:21] [Client thread/WARN]: Unable to play unknown soundEvent: minecraft:dig.sand
[00:09:22] [Client thread/WARN]: Unable to play unknown soundEvent: minecraft:dig.sand
[00:09:22] [Client thread/WARN]: Unable to play unknown soundEvent: minecraft:step.grass
[00:09:22] [Client thread/WARN]: Unable to play unknown soundEvent: minecraft:dig.sand
[00:09:22] [Client thread/WARN]: Unable to play unknown soundEvent: minecraft:step.grass
[00:09:22] [Client thread/WARN]: Unable to play unknown soundEvent: minecraft:dig.sand
[00:09:23] [Client thread/WARN]: Unable to play unknown soundEvent: minecraft:step.grass
[00:09:25] [Client thread/WARN]: Unable to play unknown soundEvent: minecraft:dig.sand
[00:09:25] [Client thread/WARN]: Unable to play unknown soundEvent: minecraft:dig.sand
[00:09:25] [Client thread/WARN]: Unable to play unknown soundEvent: minecraft:dig.sand
[00:09:26] [Client thread/WARN]: Unable to play unknown soundEvent: minecraft:dig.sand
[00:09:28] [Client thread/WARN]: Unable to play unknown soundEvent: minecraft:mob.bat.takeoff
[00:09:29] [Client thread/WARN]: Unable to play unknown soundEvent: minecraft:music.game.creative
[00:09:33] [Client thread/WARN]: Unable to play unknown soundEvent: minecraft:dig.sand
[00:09:33] [Client thread/WARN]: Unable to play unknown soundEvent: minecraft:dig.sand
[00:09:34] [Client thread/WARN]: Unable to play unknown soundEvent: minecraft:dig.sand
[00:09:34] [Client thread/WARN]: Unable to play unknown soundEvent: minecraft:dig.sand
[00:09:47] [Server thread/WARN]: Can't keep up! Did the system time change, or is the server overloaded? Running 9711ms behind, skipping 194 tick(s)
[00:09:50] [Client thread/WARN]: Unable to play unknown soundEvent: minecraft:dig.sand
[00:09:50] [Client thread/WARN]: Unable to play unknown soundEvent: minecraft:dig.sand
[00:10:01] [Client thread/WARN]: Unable to play unknown soundEvent: minecraft:step.grass
[00:10:01] [Client thread/WARN]: Unable to play unknown soundEvent: minecraft:step.grass
[00:10:22] [Client thread/WARN]: Unable to play unknown soundEvent: minecraft:liquid.water
[00:11:28] [Server thread/INFO]: Saving and pausing game...
[00:11:28] [Server thread/INFO]: Saving chunks for level 'New World'/Overworld
[00:11:28] [Server thread/INFO]: Saving chunks for level 'New World'/Nether
[00:11:28] [Server thread/INFO]: Saving chunks for level 'New World'/The End
[00:11:29] [Client thread/WARN]: Unable to play unknown soundEvent: minecraft:gui.button.press
[00:11:30] [Client thread/WARN]: Unable to play unknown soundEvent: minecraft:dig.sand
[00:11:30] [Client thread/WARN]: Unable to play unknown soundEvent: minecraft:step.grass
[00:11:31] [Client thread/WARN]: Unable to play unknown soundEvent: minecraft:dig.sand
[00:11:31] [Client thread/WARN]: Unable to play unknown soundEvent: minecraft:dig.sand
[00:11:31] [Client thread/WARN]: Unable to play unknown soundEvent: minecraft:dig.sand
[00:11:32] [Client thread/WARN]: Unable to play unknown soundEvent: minecraft:dig.sand
[00:11:32] [Client thread/WARN]: Unable to play unknown soundEvent: minecraft:step.sand
[00:11:32] [Client thread/WARN]: Unable to play unknown soundEvent: minecraft:dig.sand
[00:11:33] [Client thread/WARN]: Unable to play unknown soundEvent: minecraft:dig.sand
[00:11:33] [Client thread/WARN]: Unable to play unknown soundEvent: minecraft:dig.sand
[00:11:35] [Client thread/WARN]: Unable to play unknown soundEvent: minecraft:music.game.creative
[00:11:50] [Client thread/WARN]: Unable to play unknown soundEvent: minecraft:step.grass
[00:11:50] [Client thread/WARN]: Unable to play unknown soundEvent: minecraft:step.grass
[00:11:50] [Client thread/WARN]: Unable to play unknown soundEvent: minecraft:dig.grass
[00:11:50] [Client thread/WARN]: Unable to play unknown soundEvent: minecraft:step.grass
[00:11:51] [Client thread/WARN]: Unable to play unknown soundEvent: minecraft:dig.grass
[00:11:51] [Client thread/WARN]: Unable to play unknown soundEvent: minecraft:dig.grass
[00:11:51] [Client thread/WARN]: Unable to play unknown soundEvent: minecraft:step.grass
[00:11:51] [Client thread/WARN]: Unable to play unknown soundEvent: minecraft:dig.grass
[00:11:52] [Client thread/WARN]: Unable to play unknown soundEvent: minecraft:dig.grass
[00:11:53] [Client thread/WARN]: Unable to play unknown soundEvent: minecraft:step.grass
[00:11:54] [Client thread/WARN]: Unable to play unknown soundEvent: minecraft:step.grass
[00:11:55] [Client thread/WARN]: Unable to play unknown soundEvent: minecraft:step.grass
[00:11:56] [Client thread/WARN]: Unable to play unknown soundEvent: minecraft:step.grass
[00:12:04] [Client thread/WARN]: Unable to play unknown soundEvent: minecraft:mob.bat.takeoff
[00:12:04] [Client thread/WARN]: Unable to play unknown soundEvent: minecraft:mob.bat.takeoff
[00:12:04] [Client thread/WARN]: Unable to play unknown soundEvent: minecraft:dig.stone
[00:12:04] [Client thread/WARN]: Unable to play unknown soundEvent: minecraft:minecart.base
[00:12:04] [Client thread/WARN]: Unable to play unknown soundEvent: minecraft:minecart.base
[00:12:04] [Client thread/WARN]: Unable to play unknown soundEvent: minecraft:minecart.base
[00:12:04] [Client thread/WARN]: Unable to play unknown soundEvent: minecraft:minecart.base
[00:12:16] [Client thread/WARN]: Unable to play unknown soundEvent: minecraft:fire.ignite
[00:12:17] [Client thread/WARN]: Unable to play unknown soundEvent: minecraft:fire.ignite
[00:12:17] [Client thread/WARN]: Unable to play unknown soundEvent: minecraft:fire.fire
[00:12:17] [Client thread/WARN]: Unable to play unknown soundEvent: minecraft:dig.grass
[00:12:18] [Client thread/WARN]: Unable to play unknown soundEvent: minecraft:random.fizz
[00:12:18] [Client thread/WARN]: Unable to play unknown soundEvent: minecraft:random.fizz
[00:12:19] [Client thread/WARN]: Unable to play unknown soundEvent: minecraft:fire.fire
[00:12:22] [Client thread/WARN]: Unable to play unknown soundEvent: minecraft:random.explode
[00:12:22] [Client thread/WARN]: Unable to play unknown soundEvent: minecraft:random.explode
[00:12:22] [Client thread/WARN]: Unable to play unknown soundEvent: minecraft:random.explode
[00:12:22] [Client thread/WARN]: Unable to play unknown soundEvent: minecraft:random.explode
[00:12:23] [Client thread/WARN]: Unable to play unknown soundEvent: minecraft:random.pop
[00:12:23] [Client thread/WARN]: Unable to play unknown soundEvent: minecraft:random.pop
[00:12:23] [Client thread/WARN]: Unable to play unknown soundEvent: minecraft:random.pop
[00:12:23] [Client thread/WARN]: Unable to play unknown soundEvent: minecraft:random.pop
[00:12:23] [Client thread/WARN]: Unable to play unknown soundEvent: minecraft:random.pop
[00:12:23] [Client thread/WARN]: Unable to play unknown soundEvent: minecraft:random.pop
[00:12:23] [Client thread/WARN]: Unable to play unknown soundEvent: minecraft:random.pop
[00:12:23] [Client thread/WARN]: Unable to play unknown soundEvent: minecraft:random.pop
[00:12:23] [Client thread/WARN]: Unable to play unknown soundEvent: minecraft:random.pop
[00:12:24] [Client thread/WARN]: Unable to play unknown soundEvent: minecraft:random.pop
[00:12:24] [Client thread/WARN]: Unable to play unknown soundEvent: minecraft:random.pop
[00:12:24] [Client thread/WARN]: Unable to play unknown soundEvent: minecraft:step.stone
[00:12:24] [Client thread/WARN]: Unable to play unknown soundEvent: minecraft:random.pop
[00:12:25] [Client thread/WARN]: Unable to play unknown soundEvent: minecraft:mob.bat.takeoff
[00:12:25] [Client thread/WARN]: Unable to play unknown soundEvent: minecraft:step.stone
[00:12:26] [Client thread/WARN]: Unable to play unknown soundEvent: minecraft:random.pop
[00:12:27] [Client thread/WARN]: Unable to play unknown soundEvent: minecraft:step.grass
[00:12:27] [Client thread/WARN]: Unable to play unknown soundEvent: minecraft:step.grass
[00:12:28] [Client thread/WARN]: Unable to play unknown soundEvent: minecraft:step.grass
[00:12:28] [Client thread/WARN]: Unable to play unknown soundEvent: minecraft:dig.stone
[00:12:29] [Client thread/WARN]: Unable to play unknown soundEvent: minecraft:dig.stone
[00:12:30] [Client thread/WARN]: Unable to play unknown soundEvent: minecraft:dig.grass
[00:12:30] [Client thread/WARN]: Unable to play unknown soundEvent: minecraft:dig.grass
[00:12:30] [Client thread/WARN]: Unable to play unknown soundEvent: minecraft:dig.stone
[00:12:31] [Client thread/WARN]: Unable to play unknown soundEvent: minecraft:step.grass
[00:12:32] [Client thread/WARN]: Unable to play unknown soundEvent: minecraft:fire.ignite
[00:12:33] [Client thread/WARN]: Unable to play unknown soundEvent: minecraft:dig.grass
[00:12:33] [Client thread/WARN]: Unable to play unknown soundEvent: minecraft:dig.grass
[00:12:34] [Client thread/WARN]: Unable to play unknown soundEvent: minecraft:random.fizz
[00:12:34] [Client thread/WARN]: Unable to play unknown soundEvent: minecraft:random.fizz
[00:12:35] [Client thread/WARN]: Unable to play unknown soundEvent: minecraft:dig.sand
[00:12:36] [Client thread/WARN]: Unable to play unknown soundEvent: minecraft:fire.ignite
[00:12:36] [Client thread/WARN]: Unable to play unknown soundEvent: minecraft:mob.bat.takeoff
[00:12:38] [Client thread/WARN]: Unable to play unknown soundEvent: minecraft:dig.wood
[00:12:40] [Client thread/WARN]: Unable to play unknown soundEvent: minecraft:mob.bat.takeoff
[00:12:41] [Client thread/WARN]: Unable to play unknown soundEvent: minecraft:minecart.base
[00:12:41] [Client thread/WARN]: Unable to play unknown soundEvent: minecraft:game.tnt.primed
[00:12:42] [Client thread/WARN]: Unable to play unknown soundEvent: minecraft:mob.bat.takeoff
[00:12:43] [Client thread/WARN]: Unable to play unknown soundEvent: minecraft:random.explode
[00:12:44] [Client thread/WARN]: Unable to play unknown soundEvent: minecraft:random.pop
[00:12:44] [Client thread/WARN]: Unable to play unknown soundEvent: minecraft:random.pop
[00:12:44] [Client thread/WARN]: Unable to play unknown soundEvent: minecraft:random.pop
[00:12:44] [Client thread/WARN]: Unable to play unknown soundEvent: minecraft:random.pop
[00:12:44] [Client thread/WARN]: Unable to play unknown soundEvent: minecraft:random.pop
[00:12:44] [Client thread/WARN]: Unable to play unknown soundEvent: minecraft:random.pop
[00:12:49] [Client thread/WARN]: Unable to play unknown soundEvent: minecraft:step.grass
[00:12:50] [Client thread/WARN]: Unable to play unknown soundEvent: minecraft:step.grass
[00:12:50] [Client thread/WARN]: Unable to play unknown soundEvent: minecraft:step.grass
[00:12:51] [Client thread/WARN]: Unable to play unknown soundEvent: minecraft:step.grass
[00:12:51] [Client thread/WARN]: Unable to play unknown soundEvent: minecraft:step.grass
[00:12:51] [Client thread/WARN]: Unable to play unknown soundEvent: minecraft:step.grass
[00:12:52] [Client thread/WARN]: Unable to play unknown soundEvent: minecraft:step.grass
[00:12:52] [Client thread/WARN]: Unable to play unknown soundEvent: minecraft:liquid.water
[00:12:52] [Client thread/WARN]: Unable to play unknown soundEvent: minecraft:step.grass
[00:12:53] [Client thread/WARN]: Unable to play unknown soundEvent: minecraft:step.grass
[00:12:53] [Client thread/WARN]: Unable to play unknown soundEvent: minecraft:step.grass
[00:12:53] [Client thread/WARN]: Unable to play unknown soundEvent: minecraft:dig.stone
[00:12:54] [Client thread/WARN]: Unable to play unknown soundEvent: minecraft:liquid.water
[00:12:58] [Client thread/WARN]: Unable to play unknown soundEvent: minecraft:dig.grass
[00:13:00] [Client thread/WARN]: Unable to play unknown soundEvent: minecraft:dig.grass
[00:13:00] [Client thread/WARN]: Unable to play unknown soundEvent: minecraft:dig.stone
[00:13:01] [Client thread/WARN]: Unable to play unknown soundEvent: minecraft:liquid.water
[00:13:02] [Client thread/WARN]: Unable to play unknown soundEvent: minecraft:liquid.water
[00:13:02] [Client thread/WARN]: Unable to play unknown soundEvent: minecraft:liquid.water
[00:13:03] [Client thread/WARN]: Unable to play unknown soundEvent: minecraft:random.pop
[00:13:04] [Client thread/WARN]: Unable to play unknown soundEvent: minecraft:step.gravel
[00:13:06] [Client thread/WARN]: Unable to play unknown soundEvent: minecraft:dig.stone
[00:13:07] [Client thread/WARN]: Unable to play unknown soundEvent: minecraft:liquid.water
[00:13:07] [Client thread/WARN]: Unable to play unknown soundEvent: minecraft:fire.ignite
[00:13:10] [Client thread/WARN]: Unable to play unknown soundEvent: minecraft:minecart.base
[00:13:10] [Client thread/WARN]: Unable to play unknown soundEvent: minecraft:game.tnt.primed
[00:13:10] [Client thread/WARN]: Unable to play unknown soundEvent: minecraft:random.explode
[00:13:10] [Client thread/WARN]: Unable to play unknown soundEvent: minecraft:liquid.water
[00:13:10] [Client thread/WARN]: Unable to play unknown soundEvent: minecraft:random.pop
[00:13:10] [Client thread/WARN]: Unable to play unknown soundEvent: minecraft:random.pop
[00:13:11] [Client thread/WARN]: Unable to play unknown soundEvent: minecraft:random.pop
[00:13:16] [Client thread/WARN]: Unable to play unknown soundEvent: minecraft:liquid.water
[00:13:17] [Client thread/WARN]: Unable to play unknown soundEvent: minecraft:liquid.water
[00:13:23] [Client thread/WARN]: Unable to play unknown soundEvent: minecraft:liquid.water
[00:13:32] [Client thread/WARN]: Unable to play unknown soundEvent: minecraft:step.stone
[00:13:37] [Client thread/WARN]: Unable to play unknown soundEvent: minecraft:dig.stone
[00:13:39] [Client thread/WARN]: Unable to play unknown soundEvent: minecraft:step.stone
[00:13:40] [Client thread/WARN]: Unable to play unknown soundEvent: minecraft:step.stone
[00:13:47] [Client thread/WARN]: Unable to play unknown soundEvent: minecraft:fire.fire
[00:13:49] [Client thread/WARN]: Unable to play unknown soundEvent: minecraft:mob.bat.takeoff
[00:13:49] [Client thread/WARN]: Unable to play unknown soundEvent: minecraft:mob.bat.takeoff
[00:13:49] [Client thread/WARN]: Unable to play unknown soundEvent: minecraft:mob.bat.takeoff
[00:13:49] [Client thread/WARN]: Unable to play unknown soundEvent: minecraft:mob.pig.step
[00:13:49] [Client thread/WARN]: Unable to play unknown soundEvent: minecraft:mob.pig.step
[00:13:49] [Client thread/WARN]: Unable to play unknown soundEvent: minecraft:mob.pig.step
[00:13:49] [Client thread/WARN]: Unable to play unknown soundEvent: minecraft:mob.pig.step
[00:13:49] [Client thread/WARN]: Unable to play unknown soundEvent: minecraft:mob.pig.step
[00:13:49] [Client thread/WARN]: Unable to play unknown soundEvent: minecraft:mob.pig.step
[00:13:49] [Client thread/WARN]: Unable to play unknown soundEvent: minecraft:mob.pig.step
[00:13:49] [Client thread/WARN]: Unable to play unknown soundEvent: minecraft:mob.pig.step
[00:13:49] [Client thread/WARN]: Unable to play unknown soundEvent: minecraft:mob.pig.step
[00:13:49] [Client thread/WARN]: Unable to play unknown soundEvent: minecraft:minecart.base
[00:13:49] [Client thread/WARN]: Unable to play unknown soundEvent: minecraft:minecart.base
[00:13:49] [Client thread/WARN]: Unable to play unknown soundEvent: minecraft:minecart.base
[00:13:49] [Client thread/WARN]: Unable to play unknown soundEvent: minecraft:random.pop
[00:13:49] [Client thread/WARN]: Unable to play unknown soundEvent: minecraft:dig.stone
[00:13:49] [Client thread/WARN]: Unable to play unknown soundEvent: minecraft:random.pop
[00:13:49] [Client thread/WARN]: Unable to play unknown soundEvent: minecraft:dig.stone
[00:13:49] [Client thread/WARN]: Unable to play unknown soundEvent: minecraft:dig.stone
[00:13:49] [Client thread/WARN]: Unable to play unknown soundEvent: minecraft:dig.stone
[00:13:49] [Client thread/WARN]: Unable to play unknown soundEvent: minecraft:dig.stone
[00:13:49] [Client thread/WARN]: Unable to play unknown soundEvent: minecraft:random.pop
[00:13:49] [Client thread/WARN]: Unable to play unknown soundEvent: minecraft:fire.ignite
[00:13:49] [Client thread/WARN]: Unable to play unknown soundEvent: minecraft:game.tnt.primed
[00:13:49] [Client thread/WARN]: Unable to play unknown soundEvent: minecraft:game.tnt.primed
[00:13:49] [Client thread/WARN]: Unable to play unknown soundEvent: minecraft:game.tnt.primed
[00:13:49] [Client thread/WARN]: Unable to play unknown soundEvent: minecraft:random.explode
[00:13:49] [Client thread/WARN]: Unable to play unknown soundEvent: minecraft:random.explode
[00:13:49] [Client thread/WARN]: Unable to play unknown soundEvent: minecraft:random.explode
[00:13:51] [Client thread/WARN]: Unable to play unknown soundEvent: minecraft:mob.pig.say
[00:13:55] [Client thread/WARN]: Unable to play unknown soundEvent: minecraft:liquid.water
[00:13:56] [Client thread/WARN]: Unable to play unknown soundEvent: minecraft:fire.ignite
[00:13:58] [Client thread/WARN]: Unable to play unknown soundEvent: minecraft:mob.pig.say
[00:13:59] [Client thread/WARN]: Unable to play unknown soundEvent: minecraft:minecart.base
[00:13:59] [Client thread/WARN]: Unable to play unknown soundEvent: minecraft:game.tnt.primed
[00:13:59] [Client thread/WARN]: Unable to play unknown soundEvent: minecraft:random.explode
[00:14:00] [Client thread/WARN]: Unable to play unknown soundEvent: minecraft:liquid.water
[00:14:00] [Client thread/WARN]: Unable to play unknown soundEvent: minecraft:liquid.water
[00:14:05] [Client thread/WARN]: Unable to play unknown soundEvent: minecraft:dig.stone
[00:14:06] [Client thread/WARN]: Unable to play unknown soundEvent: minecraft:mob.pig.say
[00:14:06] [Client thread/WARN]: Unable to play unknown soundEvent: minecraft:mob.bat.takeoff
[00:14:06] [Client thread/WARN]: Unable to play unknown soundEvent: minecraft:mob.bat.takeoff
[00:14:06] [Client thread/WARN]: Unable to play unknown soundEvent: minecraft:mob.bat.takeoff
[00:14:07] [Client thread/WARN]: Unable to play unknown soundEvent: minecraft:dig.stone
[00:14:08] [Client thread/WARN]: Unable to play unknown soundEvent: minecraft:liquid.water
[00:14:08] [Client thread/WARN]: Unable to play unknown soundEvent: minecraft:mob.bat.takeoff
[00:14:10] [Client thread/WARN]: Unable to play unknown soundEvent: minecraft:dig.stone
[00:14:10] [Client thread/WARN]: Unable to play unknown soundEvent: minecraft:dig.stone
[00:14:12] [Client thread/WARN]: Unable to play unknown soundEvent: minecraft:dig.stone
[00:14:13] [Client thread/WARN]: Unable to play unknown soundEvent: minecraft:mob.bat.takeoff
[00:14:13] [Client thread/WARN]: Unable to play unknown soundEvent: minecraft:mob.bat.takeoff
[00:14:13] [Client thread/WARN]: Unable to play unknown soundEvent: minecraft:dig.stone
[00:14:14] [Client thread/WARN]: Unable to play unknown soundEvent: minecraft:dig.stone
[00:14:15] [Client thread/WARN]: Unable to play unknown soundEvent: minecraft:mob.pig.step
[00:14:15] [Client thread/WARN]: Unable to play unknown soundEvent: minecraft:mob.pig.say
[00:14:15] [Client thread/WARN]: Unable to play unknown soundEvent: minecraft:mob.pig.step
[00:14:15] [Client thread/WARN]: Unable to play unknown soundEvent: minecraft:dig.stone
[00:14:16] [Client thread/WARN]: Unable to play unknown soundEvent: minecraft:mob.pig.step
[00:14:17] [Client thread/WARN]: Unable to play unknown soundEvent: minecraft:dig.stone
[00:14:17] [Client thread/WARN]: Unable to play unknown soundEvent: minecraft:dig.stone
[00:14:19] [Client thread/WARN]: Unable to play unknown soundEvent: minecraft:fire.ignite
[00:14:19] [Client thread/WARN]: Unable to play unknown soundEvent: minecraft:fire.fire
[00:14:21] [Client thread/WARN]: Unable to play unknown soundEvent: minecraft:minecart.base
[00:14:21] [Client thread/WARN]: Unable to play unknown soundEvent: minecraft:game.tnt.primed
[00:14:22] [Client thread/WARN]: Unable to play unknown soundEvent: minecraft:random.explode
[00:14:22] [Client thread/WARN]: Unable to play unknown soundEvent: minecraft:random.pop
[00:14:22] [Client thread/WARN]: Unable to play unknown soundEvent: minecraft:random.pop
[00:14:27] [Client thread/WARN]: Unable to play unknown soundEvent: minecraft:music.game.creative
[00:14:35] [Client thread/WARN]: Unable to play unknown soundEvent: minecraft:dig.grass
[00:14:35] [Client thread/WARN]: Unable to play unknown soundEvent: minecraft:minecart.base
[00:14:35] [Client thread/WARN]: Unable to play unknown soundEvent: minecraft:game.tnt.primed
[00:14:35] [Client thread/WARN]: Unable to play unknown soundEvent: minecraft:fire.ignite
[00:14:35] [Client thread/WARN]: Unable to play unknown soundEvent: minecraft:random.explode
[00:14:36] [Client thread/WARN]: Unable to play unknown soundEvent: minecraft:liquid.water
[00:14:38] [Client thread/WARN]: Unable to play unknown soundEvent: minecraft:mob.bat.takeoff
[00:14:42] [Client thread/WARN]: Unable to play unknown soundEvent: minecraft:fire.ignite
[00:14:43] [Client thread/WARN]: Unable to play unknown soundEvent: minecraft:fire.fire
[00:14:44] [Client thread/WARN]: Unable to play unknown soundEvent: minecraft:minecart.base
[00:14:44] [Client thread/WARN]: Unable to play unknown soundEvent: minecraft:game.tnt.primed
[00:14:44] [Client thread/WARN]: Unable to play unknown soundEvent: minecraft:random.explode
[00:14:45] [Client thread/WARN]: Unable to play unknown soundEvent: minecraft:random.pop
[00:14:45] [Client thread/WARN]: Unable to play unknown soundEvent: minecraft:random.pop
[00:14:47] [Client thread/WARN]: Unable to play unknown soundEvent: minecraft:fire.ignite
[00:14:48] [Client thread/WARN]: Unable to play unknown soundEvent: minecraft:mob.bat.takeoff
[00:14:48] [Client thread/WARN]: Unable to play unknown soundEvent: minecraft:minecart.base
[00:14:48] [Client thread/WARN]: Unable to play unknown soundEvent: minecraft:game.tnt.primed
[00:14:48] [Client thread/WARN]: Unable to play unknown soundEvent: minecraft:random.explode
[00:14:48] [Client thread/WARN]: Unable to play unknown soundEvent: minecraft:mob.bat.takeoff
[00:14:49] [Client thread/WARN]: Unable to play unknown soundEvent: minecraft:random.pop
[00:14:49] [Client thread/WARN]: Unable to play unknown soundEvent: minecraft:random.pop
[00:14:57] [Client thread/WARN]: Unable to play unknown soundEvent: minecraft:dig.grass
[00:14:58] [Client thread/WARN]: Unable to play unknown soundEvent: minecraft:liquid.water
[00:14:58] [Client thread/WARN]: Unable to play unknown soundEvent: minecraft:mob.bat.takeoff
[00:14:58] [Client thread/WARN]: Unable to play unknown soundEvent: minecraft:mob.bat.takeoff
[00:15:02] [Server thread/INFO]: Saving and pausing game...
[00:15:02] [Server thread/INFO]: Saving chunks for level 'New World'/Overworld
[00:15:02] [Server thread/INFO]: Saving chunks for level 'New World'/Nether
[00:15:02] [Server thread/INFO]: Saving chunks for level 'New World'/The End
[00:15:03] [Client thread/WARN]: Unable to play unknown soundEvent: minecraft:gui.button.press
[00:15:03] [Server thread/INFO]: Stopping server
[00:15:03] [Server thread/INFO]: Saving players
[00:15:03] [Server thread/INFO]: Saving worlds
[00:15:03] [Server thread/INFO]: Saving chunks for level 'New World'/Overworld
[00:15:03] [Server thread/INFO]: Saving chunks for level 'New World'/Nether
[00:15:03] [Server thread/INFO]: Saving chunks for level 'New World'/The End
[00:15:04] [Client thread/WARN]: Unable to play unknown soundEvent: minecraft:gui.button.press
[00:15:04] [Client thread/INFO]: Stopping!
[00:15:04] [Client thread/INFO]: SoundSystem shutting down...
[00:15:04] [Client thread/WARN]: Author: Paul Lamb, www.paulscode.com
