23:29:17 - 'patch -p1 -u -i ../../temp/temp.patch -d src/minecraft' failed : 1
23:29:17 - 
23:29:17 - == ERRORS FOUND ==
23:29:17 - 
23:29:17 - 1 out of 1 hunk FAILED -- saving rejects to file net/minecraft/util/Cartesian.java.rej
23:29:17 - ==================
23:29:17 - 
23:29:24 - !! Modified jar detected. Unpredictable results !!
23:29:57 - 'patch -p1 -u -i ../../temp/temp.patch -d src/minecraft_server' failed : 1
23:29:57 - 
23:29:57 - == ERRORS FOUND ==
23:29:57 - 
23:29:57 - ==================
23:29:57 - 
23:29:57 - 'patch -p1 -u -i ../../temp/temp.patch -d src/minecraft_server' failed : 1
23:29:57 - 
23:29:57 - == ERRORS FOUND ==
23:29:57 - 
23:29:57 - ==================
23:29:57 - 
23:29:57 - 'patch -p1 -u -i ../../temp/temp.patch -d src/minecraft_server' failed : 1
23:29:57 - 
23:29:57 - == ERRORS FOUND ==
23:29:57 - 
23:29:57 - ==================
23:29:57 - 
23:29:57 - 'patch -p1 -u -i ../../temp/temp.patch -d src/minecraft_server' failed : 1
23:29:57 - 
23:29:57 - == ERRORS FOUND ==
23:29:57 - 
23:29:57 - ==================
23:29:57 - 
23:29:57 - 'patch -p1 -u -i ../../temp/temp.patch -d src/minecraft_server' failed : 1
23:29:57 - 
23:29:57 - == ERRORS FOUND ==
23:29:57 - 
23:29:57 - ==================
23:29:57 - 
23:29:57 - 'patch -p1 -u -i ../../temp/temp.patch -d src/minecraft_server' failed : 1
23:29:57 - 
23:29:57 - == ERRORS FOUND ==
23:29:57 - 
23:29:57 - ==================
23:29:57 - 
23:29:57 - 'patch -p1 -u -i ../../temp/temp.patch -d src/minecraft_server' failed : 1
23:29:57 - 
23:29:57 - == ERRORS FOUND ==
23:29:57 - 
23:29:57 - ==================
23:29:57 - 
23:29:57 - 'patch -p1 -u -i ../../temp/temp.patch -d src/minecraft_server' failed : 1
23:29:57 - 
23:29:57 - == ERRORS FOUND ==
23:29:57 - 
23:29:57 - ==================
23:29:57 - 
23:29:57 - 'patch -p1 -u -i ../../temp/temp.patch -d src/minecraft_server' failed : 1
23:29:57 - 
23:29:57 - == ERRORS FOUND ==
23:29:57 - 
23:29:57 - ==================
23:29:57 - 
23:29:57 - 'patch -p1 -u -i ../../temp/temp.patch -d src/minecraft_server' failed : 1
23:29:57 - 
23:29:57 - == ERRORS FOUND ==
23:29:57 - 
23:29:57 - ==================
23:29:57 - 
23:29:57 - 'patch -p1 -u -i ../../temp/temp.patch -d src/minecraft_server' failed : 1
23:29:57 - 
23:29:57 - == ERRORS FOUND ==
23:29:57 - 
23:29:57 - ==================
23:29:57 - 
23:29:57 - 'patch -p1 -u -i ../../temp/temp.patch -d src/minecraft_server' failed : 1
23:29:57 - 
23:29:57 - == ERRORS FOUND ==
23:29:57 - 
23:29:57 - ==================
23:29:57 - 
23:29:57 - 'patch -p1 -u -i ../../temp/temp.patch -d src/minecraft_server' failed : 1
23:29:57 - 
23:29:57 - == ERRORS FOUND ==
23:29:57 - 
23:29:57 - ==================
23:29:57 - 
23:29:57 - 'patch -p1 -u -i ../../temp/temp.patch -d src/minecraft_server' failed : 1
23:29:57 - 
23:29:57 - == ERRORS FOUND ==
23:29:57 - 
23:29:57 - ==================
23:29:57 - 
23:29:57 - 'patch -p1 -u -i ../../temp/temp.patch -d src/minecraft_server' failed : 1
23:29:57 - 
23:29:57 - == ERRORS FOUND ==
23:29:57 - 
23:29:57 - ==================
23:29:57 - 
23:29:57 - 'patch -p1 -u -i ../../temp/temp.patch -d src/minecraft_server' failed : 1
23:29:57 - 
23:29:57 - == ERRORS FOUND ==
23:29:57 - 
23:29:57 - ==================
23:29:57 - 
23:29:57 - 'patch -p1 -u -i ../../temp/temp.patch -d src/minecraft_server' failed : 1
23:29:57 - 
23:29:57 - == ERRORS FOUND ==
23:29:57 - 
23:29:57 - ==================
23:29:57 - 
23:29:57 - 'patch -p1 -u -i ../../temp/temp.patch -d src/minecraft_server' failed : 1
23:29:57 - 
23:29:57 - == ERRORS FOUND ==
23:29:57 - 
23:29:57 - ==================
23:29:57 - 
23:29:57 - 'patch -p1 -u -i ../../temp/temp.patch -d src/minecraft_server' failed : 1
23:29:57 - 
23:29:57 - == ERRORS FOUND ==
23:29:57 - 
23:29:57 - ==================
23:29:57 - 
23:29:57 - 'patch -p1 -u -i ../../temp/temp.patch -d src/minecraft_server' failed : 1
23:29:57 - 
23:29:57 - == ERRORS FOUND ==
23:29:57 - 
23:29:57 - ==================
23:29:57 - 
23:29:57 - 'patch -p1 -u -i ../../temp/temp.patch -d src/minecraft_server' failed : 1
23:29:57 - 
23:29:57 - == ERRORS FOUND ==
23:29:57 - 
23:29:57 - ==================
23:29:57 - 
23:29:57 - 'patch -p1 -u -i ../../temp/temp.patch -d src/minecraft_server' failed : 1
23:29:57 - 
23:29:57 - == ERRORS FOUND ==
23:29:57 - 
23:29:57 - ==================
23:29:57 - 
23:29:57 - 'patch -p1 -u -i ../../temp/temp.patch -d src/minecraft_server' failed : 1
23:29:57 - 
23:29:57 - == ERRORS FOUND ==
23:29:57 - 
23:29:57 - ==================
23:29:57 - 
23:29:57 - 'patch -p1 -u -i ../../temp/temp.patch -d src/minecraft_server' failed : 1
23:29:57 - 
23:29:57 - == ERRORS FOUND ==
23:29:57 - 
23:29:57 - ==================
23:29:57 - 
23:29:57 - 'patch -p1 -u -i ../../temp/temp.patch -d src/minecraft_server' failed : 1
23:29:57 - 
23:29:57 - == ERRORS FOUND ==
23:29:57 - 
23:29:57 - ==================
23:29:57 - 
23:29:57 - 'patch -p1 -u -i ../../temp/temp.patch -d src/minecraft_server' failed : 1
23:29:57 - 
23:29:57 - == ERRORS FOUND ==
23:29:57 - 
23:29:57 - ==================
23:29:57 - 
23:29:57 - 'patch -p1 -u -i ../../temp/temp.patch -d src/minecraft_server' failed : 1
23:29:57 - 
23:29:57 - == ERRORS FOUND ==
23:29:57 - 
23:29:57 - ==================
23:29:57 - 
23:29:57 - 'patch -p1 -u -i ../../temp/temp.patch -d src/minecraft_server' failed : 1
23:29:57 - 
23:29:57 - == ERRORS FOUND ==
23:29:57 - 
23:29:57 - ==================
23:29:57 - 
23:29:57 - 'patch -p1 -u -i ../../temp/temp.patch -d src/minecraft_server' failed : 1
23:29:57 - 
23:29:57 - == ERRORS FOUND ==
23:29:57 - 
23:29:57 - ==================
23:29:57 - 
23:29:57 - 'patch -p1 -u -i ../../temp/temp.patch -d src/minecraft_server' failed : 1
23:29:57 - 
23:29:57 - == ERRORS FOUND ==
23:29:57 - 
23:29:57 - ==================
23:29:57 - 
23:29:57 - 'patch -p1 -u -i ../../temp/temp.patch -d src/minecraft_server' failed : 1
23:29:57 - 
23:29:57 - == ERRORS FOUND ==
23:29:57 - 
23:29:57 - ==================
23:29:57 - 
23:29:57 - 'patch -p1 -u -i ../../temp/temp.patch -d src/minecraft_server' failed : 1
23:29:57 - 
23:29:57 - == ERRORS FOUND ==
23:29:57 - 
23:29:57 - ==================
23:29:57 - 
23:29:57 - 'patch -p1 -u -i ../../temp/temp.patch -d src/minecraft_server' failed : 1
23:29:57 - 
23:29:57 - == ERRORS FOUND ==
23:29:57 - 
23:29:57 - ==================
23:29:57 - 
23:30:12 - '"scalac" -encoding UTF-8 -deprecation -target:jvm-1.6 -classpath "jars/versions/1.8.8/1.8.8.jar:lib:lib/*:jars/libraries/net/java/jinput/jinput/2.0.5/jinput-2.0.5.jar:jars/libraries/org/lwjgl/lwjgl/lwjgl-platform/2.9.4-nightly-20150209/lwjgl-platform-2.9.4-nightly-20150209-natives-linux.jar:jars/libraries/com/ibm/icu/icu4j-core-mojang/51.2/icu4j-core-mojang-51.2.jar:jars/libraries/org/apache/httpcomponents/httpcore/4.3.2/httpcore-4.3.2.jar:jars/libraries/org/apache/logging/log4j/log4j-api/2.0-beta9/log4j-api-2.0-beta9.jar:jars/libraries/org/apache/commons/commons-lang3/3.3.2/commons-lang3-3.3.2.jar:jars/libraries/net/java/dev/jna/jna/3.4.0/jna-3.4.0.jar:jars/libraries/com/paulscode/libraryjavasound/20101123/libraryjavasound-20101123.jar:jars/libraries/net/sf/jopt-simple/jopt-simple/4.6/jopt-simple-4.6.jar:jars/libraries/com/google/guava/guava/17.0/guava-17.0.jar:jars/libraries/oshi-project/oshi-core/1.1/oshi-core-1.1.jar:jars/libraries/org/apache/httpcomponents/httpclient/4.3.3/httpclient-4.3.3.jar:jars/libraries/org/apache/commons/commons-compress/1.8.1/commons-compress-1.8.1.jar:jars/libraries/net/java/dev/jna/platform/3.4.0/platform-3.4.0.jar:jars/libraries/com/paulscode/codecjorbis/20101023/codecjorbis-20101023.jar:jars/libraries/com/paulscode/soundsystem/20120107/soundsystem-20120107.jar:jars/libraries/com/paulscode/librarylwjglopenal/20100824/librarylwjglopenal-20100824.jar:jars/libraries/org/lwjgl/lwjgl/lwjgl_util/2.9.4-nightly-20150209/lwjgl_util-2.9.4-nightly-20150209.jar:jars/libraries/commons-codec/commons-codec/1.9/commons-codec-1.9.jar:jars/libraries/net/java/jutils/jutils/1.0.0/jutils-1.0.0.jar:jars/libraries/commons-logging/commons-logging/1.1.3/commons-logging-1.1.3.jar:jars/libraries/org/lwjgl/lwjgl/lwjgl/2.9.4-nightly-20150209/lwjgl-2.9.4-nightly-20150209.jar:jars/libraries/commons-io/commons-io/2.4/commons-io-2.4.jar:jars/libraries/com/mojang/realms/1.7.39/realms-1.7.39.jar:jars/libraries/com/mojang/authlib/1.5.21/authlib-1.5.21.jar:jars/libraries/com/google/code/gson/gson/2.2.4/gson-2.2.4.jar:jars/libraries/com/mojang/netty/1.8.8/netty-1.8.8.jar:jars/libraries/tv/twitch/twitch/6.5/twitch-6.5.jar:jars/libraries/com/paulscode/codecwav/20101023/codecwav-20101023.jar:jars/libraries/net/java/jinput/jinput-platform/2.0.5/jinput-platform-2.0.5-natives-linux.jar:jars/libraries/org/apache/logging/log4j/log4j-core/2.0-beta9/log4j-core-2.0-beta9.jar:jars/libraries/io/netty/netty-all/4.0.23.Final/netty-all-4.0.23.Final.jar" -sourcepath src/minecraft -d bin/minecraft @temp/java_src_client.txt @temp/scala_src_client.txt' failed : 1
23:30:12 - 
23:30:12 - == ERRORS FOUND in SCALA CODE ==
23:30:12 - 
23:30:12 - WARNING: A terminally deprecated method in sun.misc.Unsafe has been called
23:30:12 - WARNING: sun.misc.Unsafe::objectFieldOffset has been called by scala.runtime.LazyVals$ (file:/home/cat2/.sdkman/candidates/scala/3.6.2/maven2/org/scala-lang/scala3-library_3/3.6.2/scala3-library_3-3.6.2.jar)
23:30:12 - WARNING: Please consider reporting this to the maintainers of class scala.runtime.LazyVals$
23:30:12 - WARNING: sun.misc.Unsafe::objectFieldOffset will be removed in a future release
23:30:12 -  === Your scala version is out of date, update to at least 2.10.0 ===
23:30:12 - bad option '-target:jvm-1.6' was ignored
23:30:12 - [31m[31m-- [E057] Type Mismatch Error: src/minecraft/net/minecraft/block/BlockFlower.java:60:33 -------------------------------------------------------------------------------------------------------------------------------------[0m[0m
23:30:12 - [31m60 |[0m    public IProperty<BlockFlower.EnumFlowerType> getTypeProperty()
23:30:12 - [31m[31m   |[0m                                 ^[0m
23:30:12 - 
23:30:12 - [31m   |[0m                                 Type argument net.minecraft.block.BlockFlower.EnumFlowerType does not conform to upper bound Comparable[net.minecraft.block.BlockFlower.EnumFlowerType]
23:30:12 - [31m   |[0m
23:30:12 - [31m   |[0m longer explanation available when compiling with `-explain`
23:30:12 - [31m[31m-- [E057] Type Mismatch Error: src/minecraft/net/minecraft/block/BlockRailPowered.java:166:35 -------------------------------------------------------------------------------------------------------------------------------[0m[0m
23:30:12 - [31m166 |[0m    public IProperty<BlockRailBase.EnumRailDirection> getShapeProperty()
23:30:12 - [31m[31m    |[0m                                   ^[0m
23:30:12 - 
23:30:12 - [31m    |[0m                                   Type argument net.minecraft.block.BlockRailBase.EnumRailDirection does not conform to upper bound Comparable[net.minecraft.block.BlockRailBase.EnumRailDirection]
23:30:12 - [31m    |[0m
23:30:12 - [31m    |[0m longer explanation available when compiling with `-explain`
23:30:12 - [31m[31m-- [E057] Type Mismatch Error: src/minecraft/net/minecraft/block/BlockRail.java:28:35 ---------------------------------------------------------------------------------------------------------------------------------------[0m[0m
23:30:12 - [31m28 |[0m    public IProperty<BlockRailBase.EnumRailDirection> getShapeProperty()
23:30:12 - [31m[31m   |[0m                                   ^[0m
23:30:12 - 
23:30:12 - [31m   |[0m                                   Type argument net.minecraft.block.BlockRailBase.EnumRailDirection does not conform to upper bound Comparable[net.minecraft.block.BlockRailBase.EnumRailDirection]
23:30:12 - [31m   |[0m
23:30:12 - [31m   |[0m longer explanation available when compiling with `-explain`
23:30:12 - [31m[31m-- [E057] Type Mismatch Error: src/minecraft/net/minecraft/block/BlockRailBase.java:182:44 ----------------------------------------------------------------------------------------------------------------------------------[0m[0m
23:30:12 - [31m182 |[0m    public [33mabstract[0m IProperty<BlockRailBase.EnumRailDirection> getShapeProperty();
23:30:12 - [31m[31m    |[0m                                            ^[0m
23:30:12 - 
23:30:12 - [31m    |[0m                                            Type argument net.minecraft.block.BlockRailBase.EnumRailDirection does not conform to upper bound Comparable[net.minecraft.block.BlockRailBase.EnumRailDirection]
23:30:12 - [31m    |[0m
23:30:12 - [31m    |[0m longer explanation available when compiling with `-explain`
23:30:12 - [31m[31m-- [E057] Type Mismatch Error: src/minecraft/net/minecraft/block/BlockRailDetector.java:137:35 ------------------------------------------------------------------------------------------------------------------------------[0m[0m
23:30:12 - [31m137 |[0m    public IProperty<BlockRailBase.EnumRailDirection> getShapeProperty()
23:30:12 - [31m[31m    |[0m                                   ^[0m
23:30:12 - 
23:30:12 - [31m    |[0m                                   Type argument net.minecraft.block.BlockRailBase.EnumRailDirection does not conform to upper bound Comparable[net.minecraft.block.BlockRailBase.EnumRailDirection]
23:30:12 - [31m    |[0m
23:30:12 - [31m    |[0m longer explanation available when compiling with `-explain`
23:30:12 - 1 warning found
23:30:12 - 5 errors found
23:30:12 - ================================
23:30:12 - 
23:30:12 - Initial client recompile failed, correct source then run updatemd5
23:30:12 - !! Can not find server sources, try decompiling !!
19:54:59 - !! Can not find client bins !!
19:55:27 - '"scalac" -encoding UTF-8 -deprecation -target:jvm-1.6 -classpath "jars/versions/1.8.8/1.8.8.jar:lib:lib/*:jars/libraries/net/java/jinput/jinput/2.0.5/jinput-2.0.5.jar:jars/libraries/org/lwjgl/lwjgl/lwjgl-platform/2.9.4-nightly-20150209/lwjgl-platform-2.9.4-nightly-20150209-natives-linux.jar:jars/libraries/com/ibm/icu/icu4j-core-mojang/51.2/icu4j-core-mojang-51.2.jar:jars/libraries/org/apache/httpcomponents/httpcore/4.3.2/httpcore-4.3.2.jar:jars/libraries/org/apache/logging/log4j/log4j-api/2.0-beta9/log4j-api-2.0-beta9.jar:jars/libraries/org/apache/commons/commons-lang3/3.3.2/commons-lang3-3.3.2.jar:jars/libraries/net/java/dev/jna/jna/3.4.0/jna-3.4.0.jar:jars/libraries/com/paulscode/libraryjavasound/20101123/libraryjavasound-20101123.jar:jars/libraries/net/sf/jopt-simple/jopt-simple/4.6/jopt-simple-4.6.jar:jars/libraries/com/google/guava/guava/17.0/guava-17.0.jar:jars/libraries/oshi-project/oshi-core/1.1/oshi-core-1.1.jar:jars/libraries/org/apache/httpcomponents/httpclient/4.3.3/httpclient-4.3.3.jar:jars/libraries/org/apache/commons/commons-compress/1.8.1/commons-compress-1.8.1.jar:jars/libraries/net/java/dev/jna/platform/3.4.0/platform-3.4.0.jar:jars/libraries/com/paulscode/codecjorbis/20101023/codecjorbis-20101023.jar:jars/libraries/com/paulscode/soundsystem/20120107/soundsystem-20120107.jar:jars/libraries/com/paulscode/librarylwjglopenal/20100824/librarylwjglopenal-20100824.jar:jars/libraries/org/lwjgl/lwjgl/lwjgl_util/2.9.4-nightly-20150209/lwjgl_util-2.9.4-nightly-20150209.jar:jars/libraries/commons-codec/commons-codec/1.9/commons-codec-1.9.jar:jars/libraries/net/java/jutils/jutils/1.0.0/jutils-1.0.0.jar:jars/libraries/commons-logging/commons-logging/1.1.3/commons-logging-1.1.3.jar:jars/libraries/org/lwjgl/lwjgl/lwjgl/2.9.4-nightly-20150209/lwjgl-2.9.4-nightly-20150209.jar:jars/libraries/commons-io/commons-io/2.4/commons-io-2.4.jar:jars/libraries/com/mojang/realms/1.7.39/realms-1.7.39.jar:jars/libraries/com/mojang/authlib/1.5.21/authlib-1.5.21.jar:jars/libraries/com/google/code/gson/gson/2.2.4/gson-2.2.4.jar:jars/libraries/com/mojang/netty/1.8.8/netty-1.8.8.jar:jars/libraries/tv/twitch/twitch/6.5/twitch-6.5.jar:jars/libraries/com/paulscode/codecwav/20101023/codecwav-20101023.jar:jars/libraries/net/java/jinput/jinput-platform/2.0.5/jinput-platform-2.0.5-natives-linux.jar:jars/libraries/org/apache/logging/log4j/log4j-core/2.0-beta9/log4j-core-2.0-beta9.jar:jars/libraries/io/netty/netty-all/4.0.23.Final/netty-all-4.0.23.Final.jar" -sourcepath src/minecraft -d bin/minecraft @temp/java_src_client.txt @temp/scala_src_client.txt' failed : 1
19:55:27 - 
19:55:27 - == ERRORS FOUND in SCALA CODE ==
19:55:27 - 
19:55:27 - WARNING: A terminally deprecated method in sun.misc.Unsafe has been called
19:55:27 - WARNING: sun.misc.Unsafe::objectFieldOffset has been called by scala.runtime.LazyVals$ (file:/home/cat2/.sdkman/candidates/scala/3.6.2/maven2/org/scala-lang/scala3-library_3/3.6.2/scala3-library_3-3.6.2.jar)
19:55:27 - WARNING: Please consider reporting this to the maintainers of class scala.runtime.LazyVals$
19:55:27 - WARNING: sun.misc.Unsafe::objectFieldOffset will be removed in a future release
19:55:27 -  === Your scala version is out of date, update to at least 2.10.0 ===
19:55:27 - bad option '-target:jvm-1.6' was ignored
19:55:27 - [31m[31m-- [E057] Type Mismatch Error: src/minecraft/net/minecraft/block/BlockFlower.java:60:33 ---------------------------------------------------------------------------------------------------------------------------------[0m[0m
19:55:27 - [31m60 |[0m    public IProperty<BlockFlower.EnumFlowerType> getTypeProperty()
19:55:27 - [31m[31m   |[0m                                 ^[0m
19:55:27 - 
19:55:27 - [31m   |[0m                                 Type argument net.minecraft.block.BlockFlower.EnumFlowerType does not conform to upper bound Comparable[net.minecraft.block.BlockFlower.EnumFlowerType]
19:55:27 - [31m   |[0m
19:55:27 - [31m   |[0m longer explanation available when compiling with `-explain`
19:55:27 - [31m[31m-- [E057] Type Mismatch Error: src/minecraft/net/minecraft/block/BlockRailPowered.java:166:35 ---------------------------------------------------------------------------------------------------------------------------[0m[0m
19:55:27 - [31m166 |[0m    public IProperty<BlockRailBase.EnumRailDirection> getShapeProperty()
19:55:27 - [31m[31m    |[0m                                   ^[0m
19:55:27 - 
19:55:27 - [31m    |[0m                                   Type argument net.minecraft.block.BlockRailBase.EnumRailDirection does not conform to upper bound Comparable[net.minecraft.block.BlockRailBase.EnumRailDirection]
19:55:27 - [31m    |[0m
19:55:27 - [31m    |[0m longer explanation available when compiling with `-explain`
19:55:27 - [31m[31m-- [E057] Type Mismatch Error: src/minecraft/net/minecraft/block/BlockRail.java:28:35 -----------------------------------------------------------------------------------------------------------------------------------[0m[0m
19:55:27 - [31m28 |[0m    public IProperty<BlockRailBase.EnumRailDirection> getShapeProperty()
19:55:27 - [31m[31m   |[0m                                   ^[0m
19:55:27 - 
19:55:27 - [31m   |[0m                                   Type argument net.minecraft.block.BlockRailBase.EnumRailDirection does not conform to upper bound Comparable[net.minecraft.block.BlockRailBase.EnumRailDirection]
19:55:27 - [31m   |[0m
19:55:27 - [31m   |[0m longer explanation available when compiling with `-explain`
19:55:27 - [31m[31m-- [E057] Type Mismatch Error: src/minecraft/net/minecraft/block/BlockRailBase.java:182:44 ------------------------------------------------------------------------------------------------------------------------------[0m[0m
19:55:27 - [31m182 |[0m    public [33mabstract[0m IProperty<BlockRailBase.EnumRailDirection> getShapeProperty();
19:55:27 - [31m[31m    |[0m                                            ^[0m
19:55:27 - 
19:55:27 - [31m    |[0m                                            Type argument net.minecraft.block.BlockRailBase.EnumRailDirection does not conform to upper bound Comparable[net.minecraft.block.BlockRailBase.EnumRailDirection]
19:55:27 - [31m    |[0m
19:55:27 - [31m    |[0m longer explanation available when compiling with `-explain`
19:55:27 - [31m[31m-- [E057] Type Mismatch Error: src/minecraft/net/minecraft/block/BlockRailDetector.java:137:35 --------------------------------------------------------------------------------------------------------------------------[0m[0m
19:55:27 - [31m137 |[0m    public IProperty<BlockRailBase.EnumRailDirection> getShapeProperty()
19:55:27 - [31m[31m    |[0m                                   ^[0m
19:55:27 - 
19:55:27 - [31m    |[0m                                   Type argument net.minecraft.block.BlockRailBase.EnumRailDirection does not conform to upper bound Comparable[net.minecraft.block.BlockRailBase.EnumRailDirection]
19:55:27 - [31m    |[0m
19:55:27 - [31m    |[0m longer explanation available when compiling with `-explain`
19:55:27 - 1 warning found
19:55:27 - 5 errors found
19:55:27 - ================================
19:55:27 - 
19:55:27 - !! Can not find server sources, try decompiling !!
